The system is: Linux - 4.4.0-17134-Microsoft - x86_64
Compiling the C compiler identification source file "CMakeCCompilerId.c" succeeded.
Compiler: /usr/bin/cc 
Build flags: 
Id flags: 

The output was:
0


Compilation of the C compiler identification source "CMakeCCompilerId.c" produced "a.out"

The C compiler identification is GNU, found in "/home/samar/learning/qmcode/cpp/eigen_build/CMakeFiles/3.5.1/CompilerIdC/a.out"

Compiling the CXX compiler identification source file "CMakeCXXCompilerId.cpp" succeeded.
Compiler: /usr/bin/c++ 
Build flags: 
Id flags: 

The output was:
0


Compilation of the CXX compiler identification source "CMakeCXXCompilerId.cpp" produced "a.out"

The CXX compiler identification is GNU, found in "/home/samar/learning/qmcode/cpp/eigen_build/CMakeFiles/3.5.1/CompilerIdCXX/a.out"

Determining if the C compiler works passed with the following output:
Change Dir: /home/samar/learning/qmcode/cpp/eigen_build/CMakeFiles/CMakeTmp

Run Build Command:"/usr/bin/make" "cmTC_b1d6d/fast"
/usr/bin/make -f CMakeFiles/cmTC_b1d6d.dir/build.make CMakeFiles/cmTC_b1d6d.dir/build
make[1]: Entering directory `/home/samar/learning/qmcode/cpp/eigen_build/CMakeFiles/CMakeTmp'
Building C object CMakeFiles/cmTC_b1d6d.dir/testCCompiler.c.o
/usr/bin/cc     -o CMakeFiles/cmTC_b1d6d.dir/testCCompiler.c.o   -c /home/samar/learning/qmcode/cpp/eigen_build/CMakeFiles/CMakeTmp/testCCompiler.c
Linking C executable cmTC_b1d6d
/usr/bin/cmake -E cmake_link_script CMakeFiles/cmTC_b1d6d.dir/link.txt --verbose=1
/usr/bin/cc       CMakeFiles/cmTC_b1d6d.dir/testCCompiler.c.o  -o cmTC_b1d6d -rdynamic 
make[1]: Leaving directory `/home/samar/learning/qmcode/cpp/eigen_build/CMakeFiles/CMakeTmp'


Detecting C compiler ABI info compiled with the following output:
Change Dir: /home/samar/learning/qmcode/cpp/eigen_build/CMakeFiles/CMakeTmp

Run Build Command:"/usr/bin/make" "cmTC_3953a/fast"
/usr/bin/make -f CMakeFiles/cmTC_3953a.dir/build.make CMakeFiles/cmTC_3953a.dir/build
make[1]: Entering directory `/home/samar/learning/qmcode/cpp/eigen_build/CMakeFiles/CMakeTmp'
Building C object CMakeFiles/cmTC_3953a.dir/CMakeCCompilerABI.c.o
/usr/bin/cc     -o CMakeFiles/cmTC_3953a.dir/CMakeCCompilerABI.c.o   -c /usr/share/cmake-3.5/Modules/CMakeCCompilerABI.c
Linking C executable cmTC_3953a
/usr/bin/cmake -E cmake_link_script CMakeFiles/cmTC_3953a.dir/link.txt --verbose=1
/usr/bin/cc      -v CMakeFiles/cmTC_3953a.dir/CMakeCCompilerABI.c.o  -o cmTC_3953a -rdynamic  
Using built-in specs.
COLLECT_GCC=/usr/bin/cc
COLLECT_LTO_WRAPPER=/usr/lib/gcc/x86_64-linux-gnu/7/lto-wrapper
OFFLOAD_TARGET_NAMES=nvptx-none
OFFLOAD_TARGET_DEFAULT=1
Target: x86_64-linux-gnu
Configured with: ../src/configure -v --with-pkgversion='Ubuntu 7.2.0-1ubuntu1~14.04' --with-bugurl=file:///usr/share/doc/gcc-7/README.Bugs --enable-languages=c,ada,c++,go,brig,d,fortran,objc,obj-c++ --prefix=/usr --with-gcc-major-version-only --program-suffix=-7 --program-prefix=x86_64-linux-gnu- --enable-shared --enable-linker-build-id --libexecdir=/usr/lib --without-included-gettext --enable-threads=posix --libdir=/usr/lib --enable-nls --with-sysroot=/ --enable-clocale=gnu --enable-libstdcxx-debug --enable-libstdcxx-time=yes --with-default-libstdcxx-abi=gcc4-compatible --disable-libstdcxx-dual-abi --enable-gnu-unique-object --disable-vtable-verify --enable-libmpx --enable-plugin --with-system-zlib --with-target-system-zlib --enable-objc-gc=auto --enable-multiarch --disable-werror --with-arch-32=i686 --with-abi=m64 --with-multilib-list=m32,m64,mx32 --enable-multilib --with-tune=generic --enable-offload-targets=nvptx-none --without-cuda-driver --enable-checking=release --build=x86_64-linux-gnu --host=x86_64-linux-gnu --target=x86_64-linux-gnu
Thread model: posix
gcc version 7.2.0 (Ubuntu 7.2.0-1ubuntu1~14.04) 
COMPILER_PATH=/usr/lib/gcc/x86_64-linux-gnu/7/:/usr/lib/gcc/x86_64-linux-gnu/7/:/usr/lib/gcc/x86_64-linux-gnu/:/usr/lib/gcc/x86_64-linux-gnu/7/:/usr/lib/gcc/x86_64-linux-gnu/
LIBRARY_PATH=/usr/lib/gcc/x86_64-linux-gnu/7/:/usr/lib/gcc/x86_64-linux-gnu/7/../../../x86_64-linux-gnu/:/usr/lib/gcc/x86_64-linux-gnu/7/../../../../lib/:/lib/x86_64-linux-gnu/:/lib/../lib/:/usr/lib/x86_64-linux-gnu/:/usr/lib/../lib/:/usr/lib/gcc/x86_64-linux-gnu/7/../../../:/lib/:/usr/lib/
COLLECT_GCC_OPTIONS='-v' '-o' 'cmTC_3953a' '-rdynamic' '-mtune=generic' '-march=x86-64'
 /usr/lib/gcc/x86_64-linux-gnu/7/collect2 -plugin /usr/lib/gcc/x86_64-linux-gnu/7/liblto_plugin.so -plugin-opt=/usr/lib/gcc/x86_64-linux-gnu/7/lto-wrapper -plugin-opt=-fresolution=/tmp/ccD7SJxX.res -plugin-opt=-pass-through=-lgcc -plugin-opt=-pass-through=-lgcc_s -plugin-opt=-pass-through=-lc -plugin-opt=-pass-through=-lgcc -plugin-opt=-pass-through=-lgcc_s --sysroot=/ --build-id --eh-frame-hdr -m elf_x86_64 --hash-style=gnu --as-needed -export-dynamic -dynamic-linker /lib64/ld-linux-x86-64.so.2 -z relro -o cmTC_3953a /usr/lib/gcc/x86_64-linux-gnu/7/../../../x86_64-linux-gnu/crt1.o /usr/lib/gcc/x86_64-linux-gnu/7/../../../x86_64-linux-gnu/crti.o /usr/lib/gcc/x86_64-linux-gnu/7/crtbegin.o -L/usr/lib/gcc/x86_64-linux-gnu/7 -L/usr/lib/gcc/x86_64-linux-gnu/7/../../../x86_64-linux-gnu -L/usr/lib/gcc/x86_64-linux-gnu/7/../../../../lib -L/lib/x86_64-linux-gnu -L/lib/../lib -L/usr/lib/x86_64-linux-gnu -L/usr/lib/../lib -L/usr/lib/gcc/x86_64-linux-gnu/7/../../.. CMakeFiles/cmTC_3953a.dir/CMakeCCompilerABI.c.o -lgcc --as-needed -lgcc_s --no-as-needed -lc -lgcc --as-needed -lgcc_s --no-as-needed /usr/lib/gcc/x86_64-linux-gnu/7/crtend.o /usr/lib/gcc/x86_64-linux-gnu/7/../../../x86_64-linux-gnu/crtn.o
COLLECT_GCC_OPTIONS='-v' '-o' 'cmTC_3953a' '-rdynamic' '-mtune=generic' '-march=x86-64'
make[1]: Leaving directory `/home/samar/learning/qmcode/cpp/eigen_build/CMakeFiles/CMakeTmp'


Parsed C implicit link information from above output:
  link line regex: [^( *|.*[/\])(ld|([^/\]+-)?ld|collect2)[^/\]*( |$)]
  ignore line: [Change Dir: /home/samar/learning/qmcode/cpp/eigen_build/CMakeFiles/CMakeTmp]
  ignore line: []
  ignore line: [Run Build Command:"/usr/bin/make" "cmTC_3953a/fast"]
  ignore line: [/usr/bin/make -f CMakeFiles/cmTC_3953a.dir/build.make CMakeFiles/cmTC_3953a.dir/build]
  ignore line: [make[1]: Entering directory `/home/samar/learning/qmcode/cpp/eigen_build/CMakeFiles/CMakeTmp']
  ignore line: [Building C object CMakeFiles/cmTC_3953a.dir/CMakeCCompilerABI.c.o]
  ignore line: [/usr/bin/cc     -o CMakeFiles/cmTC_3953a.dir/CMakeCCompilerABI.c.o   -c /usr/share/cmake-3.5/Modules/CMakeCCompilerABI.c]
  ignore line: [Linking C executable cmTC_3953a]
  ignore line: [/usr/bin/cmake -E cmake_link_script CMakeFiles/cmTC_3953a.dir/link.txt --verbose=1]
  ignore line: [/usr/bin/cc      -v CMakeFiles/cmTC_3953a.dir/CMakeCCompilerABI.c.o  -o cmTC_3953a -rdynamic  ]
  ignore line: [Using built-in specs.]
  ignore line: [COLLECT_GCC=/usr/bin/cc]
  ignore line: [COLLECT_LTO_WRAPPER=/usr/lib/gcc/x86_64-linux-gnu/7/lto-wrapper]
  ignore line: [OFFLOAD_TARGET_NAMES=nvptx-none]
  ignore line: [OFFLOAD_TARGET_DEFAULT=1]
  ignore line: [Target: x86_64-linux-gnu]
  ignore line: [Configured with: ../src/configure -v --with-pkgversion='Ubuntu 7.2.0-1ubuntu1~14.04' --with-bugurl=file:///usr/share/doc/gcc-7/README.Bugs --enable-languages=c,ada,c++,go,brig,d,fortran,objc,obj-c++ --prefix=/usr --with-gcc-major-version-only --program-suffix=-7 --program-prefix=x86_64-linux-gnu- --enable-shared --enable-linker-build-id --libexecdir=/usr/lib --without-included-gettext --enable-threads=posix --libdir=/usr/lib --enable-nls --with-sysroot=/ --enable-clocale=gnu --enable-libstdcxx-debug --enable-libstdcxx-time=yes --with-default-libstdcxx-abi=gcc4-compatible --disable-libstdcxx-dual-abi --enable-gnu-unique-object --disable-vtable-verify --enable-libmpx --enable-plugin --with-system-zlib --with-target-system-zlib --enable-objc-gc=auto --enable-multiarch --disable-werror --with-arch-32=i686 --with-abi=m64 --with-multilib-list=m32,m64,mx32 --enable-multilib --with-tune=generic --enable-offload-targets=nvptx-none --without-cuda-driver --enable-checking=release --build=x86_64-linux-gnu --host=x86_64-linux-gnu --target=x86_64-linux-gnu]
  ignore line: [Thread model: posix]
  ignore line: [gcc version 7.2.0 (Ubuntu 7.2.0-1ubuntu1~14.04) ]
  ignore line: [COMPILER_PATH=/usr/lib/gcc/x86_64-linux-gnu/7/:/usr/lib/gcc/x86_64-linux-gnu/7/:/usr/lib/gcc/x86_64-linux-gnu/:/usr/lib/gcc/x86_64-linux-gnu/7/:/usr/lib/gcc/x86_64-linux-gnu/]
  ignore line: [LIBRARY_PATH=/usr/lib/gcc/x86_64-linux-gnu/7/:/usr/lib/gcc/x86_64-linux-gnu/7/../../../x86_64-linux-gnu/:/usr/lib/gcc/x86_64-linux-gnu/7/../../../../lib/:/lib/x86_64-linux-gnu/:/lib/../lib/:/usr/lib/x86_64-linux-gnu/:/usr/lib/../lib/:/usr/lib/gcc/x86_64-linux-gnu/7/../../../:/lib/:/usr/lib/]
  ignore line: [COLLECT_GCC_OPTIONS='-v' '-o' 'cmTC_3953a' '-rdynamic' '-mtune=generic' '-march=x86-64']
  link line: [ /usr/lib/gcc/x86_64-linux-gnu/7/collect2 -plugin /usr/lib/gcc/x86_64-linux-gnu/7/liblto_plugin.so -plugin-opt=/usr/lib/gcc/x86_64-linux-gnu/7/lto-wrapper -plugin-opt=-fresolution=/tmp/ccD7SJxX.res -plugin-opt=-pass-through=-lgcc -plugin-opt=-pass-through=-lgcc_s -plugin-opt=-pass-through=-lc -plugin-opt=-pass-through=-lgcc -plugin-opt=-pass-through=-lgcc_s --sysroot=/ --build-id --eh-frame-hdr -m elf_x86_64 --hash-style=gnu --as-needed -export-dynamic -dynamic-linker /lib64/ld-linux-x86-64.so.2 -z relro -o cmTC_3953a /usr/lib/gcc/x86_64-linux-gnu/7/../../../x86_64-linux-gnu/crt1.o /usr/lib/gcc/x86_64-linux-gnu/7/../../../x86_64-linux-gnu/crti.o /usr/lib/gcc/x86_64-linux-gnu/7/crtbegin.o -L/usr/lib/gcc/x86_64-linux-gnu/7 -L/usr/lib/gcc/x86_64-linux-gnu/7/../../../x86_64-linux-gnu -L/usr/lib/gcc/x86_64-linux-gnu/7/../../../../lib -L/lib/x86_64-linux-gnu -L/lib/../lib -L/usr/lib/x86_64-linux-gnu -L/usr/lib/../lib -L/usr/lib/gcc/x86_64-linux-gnu/7/../../.. CMakeFiles/cmTC_3953a.dir/CMakeCCompilerABI.c.o -lgcc --as-needed -lgcc_s --no-as-needed -lc -lgcc --as-needed -lgcc_s --no-as-needed /usr/lib/gcc/x86_64-linux-gnu/7/crtend.o /usr/lib/gcc/x86_64-linux-gnu/7/../../../x86_64-linux-gnu/crtn.o]
    arg [/usr/lib/gcc/x86_64-linux-gnu/7/collect2] ==> ignore
    arg [-plugin] ==> ignore
    arg [/usr/lib/gcc/x86_64-linux-gnu/7/liblto_plugin.so] ==> ignore
    arg [-plugin-opt=/usr/lib/gcc/x86_64-linux-gnu/7/lto-wrapper] ==> ignore
    arg [-plugin-opt=-fresolution=/tmp/ccD7SJxX.res] ==> ignore
    arg [-plugin-opt=-pass-through=-lgcc] ==> ignore
    arg [-plugin-opt=-pass-through=-lgcc_s] ==> ignore
    arg [-plugin-opt=-pass-through=-lc] ==> ignore
    arg [-plugin-opt=-pass-through=-lgcc] ==> ignore
    arg [-plugin-opt=-pass-through=-lgcc_s] ==> ignore
    arg [--sysroot=/] ==> ignore
    arg [--build-id] ==> ignore
    arg [--eh-frame-hdr] ==> ignore
    arg [-m] ==> ignore
    arg [elf_x86_64] ==> ignore
    arg [--hash-style=gnu] ==> ignore
    arg [--as-needed] ==> ignore
    arg [-export-dynamic] ==> ignore
    arg [-dynamic-linker] ==> ignore
    arg [/lib64/ld-linux-x86-64.so.2] ==> ignore
    arg [-zrelro] ==> ignore
    arg [-o] ==> ignore
    arg [cmTC_3953a] ==> ignore
    arg [/usr/lib/gcc/x86_64-linux-gnu/7/../../../x86_64-linux-gnu/crt1.o] ==> ignore
    arg [/usr/lib/gcc/x86_64-linux-gnu/7/../../../x86_64-linux-gnu/crti.o] ==> ignore
    arg [/usr/lib/gcc/x86_64-linux-gnu/7/crtbegin.o] ==> ignore
    arg [-L/usr/lib/gcc/x86_64-linux-gnu/7] ==> dir [/usr/lib/gcc/x86_64-linux-gnu/7]
    arg [-L/usr/lib/gcc/x86_64-linux-gnu/7/../../../x86_64-linux-gnu] ==> dir [/usr/lib/gcc/x86_64-linux-gnu/7/../../../x86_64-linux-gnu]
    arg [-L/usr/lib/gcc/x86_64-linux-gnu/7/../../../../lib] ==> dir [/usr/lib/gcc/x86_64-linux-gnu/7/../../../../lib]
    arg [-L/lib/x86_64-linux-gnu] ==> dir [/lib/x86_64-linux-gnu]
    arg [-L/lib/../lib] ==> dir [/lib/../lib]
    arg [-L/usr/lib/x86_64-linux-gnu] ==> dir [/usr/lib/x86_64-linux-gnu]
    arg [-L/usr/lib/../lib] ==> dir [/usr/lib/../lib]
    arg [-L/usr/lib/gcc/x86_64-linux-gnu/7/../../..] ==> dir [/usr/lib/gcc/x86_64-linux-gnu/7/../../..]
    arg [CMakeFiles/cmTC_3953a.dir/CMakeCCompilerABI.c.o] ==> ignore
    arg [-lgcc] ==> lib [gcc]
    arg [--as-needed] ==> ignore
    arg [-lgcc_s] ==> lib [gcc_s]
    arg [--no-as-needed] ==> ignore
    arg [-lc] ==> lib [c]
    arg [-lgcc] ==> lib [gcc]
    arg [--as-needed] ==> ignore
    arg [-lgcc_s] ==> lib [gcc_s]
    arg [--no-as-needed] ==> ignore
    arg [/usr/lib/gcc/x86_64-linux-gnu/7/crtend.o] ==> ignore
    arg [/usr/lib/gcc/x86_64-linux-gnu/7/../../../x86_64-linux-gnu/crtn.o] ==> ignore
  remove lib [gcc]
  remove lib [gcc_s]
  remove lib [gcc]
  remove lib [gcc_s]
  collapse library dir [/usr/lib/gcc/x86_64-linux-gnu/7] ==> [/usr/lib/gcc/x86_64-linux-gnu/7]
  collapse library dir [/usr/lib/gcc/x86_64-linux-gnu/7/../../../x86_64-linux-gnu] ==> [/usr/lib/x86_64-linux-gnu]
  collapse library dir [/usr/lib/gcc/x86_64-linux-gnu/7/../../../../lib] ==> [/usr/lib]
  collapse library dir [/lib/x86_64-linux-gnu] ==> [/lib/x86_64-linux-gnu]
  collapse library dir [/lib/../lib] ==> [/lib]
  collapse library dir [/usr/lib/x86_64-linux-gnu] ==> [/usr/lib/x86_64-linux-gnu]
  collapse library dir [/usr/lib/../lib] ==> [/usr/lib]
  collapse library dir [/usr/lib/gcc/x86_64-linux-gnu/7/../../..] ==> [/usr/lib]
  implicit libs: [c]
  implicit dirs: [/usr/lib/gcc/x86_64-linux-gnu/7;/usr/lib/x86_64-linux-gnu;/usr/lib;/lib/x86_64-linux-gnu;/lib]
  implicit fwks: []




Detecting C [-std=c11] compiler features compiled with the following output:
Change Dir: /home/samar/learning/qmcode/cpp/eigen_build/CMakeFiles/CMakeTmp

Run Build Command:"/usr/bin/make" "cmTC_a10ca/fast"
/usr/bin/make -f CMakeFiles/cmTC_a10ca.dir/build.make CMakeFiles/cmTC_a10ca.dir/build
make[1]: Entering directory `/home/samar/learning/qmcode/cpp/eigen_build/CMakeFiles/CMakeTmp'
Building C object CMakeFiles/cmTC_a10ca.dir/feature_tests.c.o
/usr/bin/cc    -std=c11 -o CMakeFiles/cmTC_a10ca.dir/feature_tests.c.o   -c /home/samar/learning/qmcode/cpp/eigen_build/CMakeFiles/feature_tests.c
Linking C executable cmTC_a10ca
/usr/bin/cmake -E cmake_link_script CMakeFiles/cmTC_a10ca.dir/link.txt --verbose=1
/usr/bin/cc       CMakeFiles/cmTC_a10ca.dir/feature_tests.c.o  -o cmTC_a10ca -rdynamic 
make[1]: Leaving directory `/home/samar/learning/qmcode/cpp/eigen_build/CMakeFiles/CMakeTmp'


    Feature record: C_FEATURE:1c_function_prototypes
    Feature record: C_FEATURE:1c_restrict
    Feature record: C_FEATURE:1c_static_assert
    Feature record: C_FEATURE:1c_variadic_macros


Detecting C [-std=c99] compiler features compiled with the following output:
Change Dir: /home/samar/learning/qmcode/cpp/eigen_build/CMakeFiles/CMakeTmp

Run Build Command:"/usr/bin/make" "cmTC_7abfa/fast"
/usr/bin/make -f CMakeFiles/cmTC_7abfa.dir/build.make CMakeFiles/cmTC_7abfa.dir/build
make[1]: Entering directory `/home/samar/learning/qmcode/cpp/eigen_build/CMakeFiles/CMakeTmp'
Building C object CMakeFiles/cmTC_7abfa.dir/feature_tests.c.o
/usr/bin/cc    -std=c99 -o CMakeFiles/cmTC_7abfa.dir/feature_tests.c.o   -c /home/samar/learning/qmcode/cpp/eigen_build/CMakeFiles/feature_tests.c
Linking C executable cmTC_7abfa
/usr/bin/cmake -E cmake_link_script CMakeFiles/cmTC_7abfa.dir/link.txt --verbose=1
/usr/bin/cc       CMakeFiles/cmTC_7abfa.dir/feature_tests.c.o  -o cmTC_7abfa -rdynamic 
make[1]: Leaving directory `/home/samar/learning/qmcode/cpp/eigen_build/CMakeFiles/CMakeTmp'


    Feature record: C_FEATURE:1c_function_prototypes
    Feature record: C_FEATURE:1c_restrict
    Feature record: C_FEATURE:0c_static_assert
    Feature record: C_FEATURE:1c_variadic_macros


Detecting C [-std=c90] compiler features compiled with the following output:
Change Dir: /home/samar/learning/qmcode/cpp/eigen_build/CMakeFiles/CMakeTmp

Run Build Command:"/usr/bin/make" "cmTC_fb277/fast"
/usr/bin/make -f CMakeFiles/cmTC_fb277.dir/build.make CMakeFiles/cmTC_fb277.dir/build
make[1]: Entering directory `/home/samar/learning/qmcode/cpp/eigen_build/CMakeFiles/CMakeTmp'
Building C object CMakeFiles/cmTC_fb277.dir/feature_tests.c.o
/usr/bin/cc    -std=c90 -o CMakeFiles/cmTC_fb277.dir/feature_tests.c.o   -c /home/samar/learning/qmcode/cpp/eigen_build/CMakeFiles/feature_tests.c
Linking C executable cmTC_fb277
/usr/bin/cmake -E cmake_link_script CMakeFiles/cmTC_fb277.dir/link.txt --verbose=1
/usr/bin/cc       CMakeFiles/cmTC_fb277.dir/feature_tests.c.o  -o cmTC_fb277 -rdynamic 
make[1]: Leaving directory `/home/samar/learning/qmcode/cpp/eigen_build/CMakeFiles/CMakeTmp'


    Feature record: C_FEATURE:1c_function_prototypes
    Feature record: C_FEATURE:0c_restrict
    Feature record: C_FEATURE:0c_static_assert
    Feature record: C_FEATURE:0c_variadic_macros
Determining if the CXX compiler works passed with the following output:
Change Dir: /home/samar/learning/qmcode/cpp/eigen_build/CMakeFiles/CMakeTmp

Run Build Command:"/usr/bin/make" "cmTC_17e63/fast"
/usr/bin/make -f CMakeFiles/cmTC_17e63.dir/build.make CMakeFiles/cmTC_17e63.dir/build
make[1]: Entering directory `/home/samar/learning/qmcode/cpp/eigen_build/CMakeFiles/CMakeTmp'
Building CXX object CMakeFiles/cmTC_17e63.dir/testCXXCompiler.cxx.o
/usr/bin/c++      -o CMakeFiles/cmTC_17e63.dir/testCXXCompiler.cxx.o -c /home/samar/learning/qmcode/cpp/eigen_build/CMakeFiles/CMakeTmp/testCXXCompiler.cxx
Linking CXX executable cmTC_17e63
/usr/bin/cmake -E cmake_link_script CMakeFiles/cmTC_17e63.dir/link.txt --verbose=1
/usr/bin/c++        CMakeFiles/cmTC_17e63.dir/testCXXCompiler.cxx.o  -o cmTC_17e63 -rdynamic 
make[1]: Leaving directory `/home/samar/learning/qmcode/cpp/eigen_build/CMakeFiles/CMakeTmp'


Detecting CXX compiler ABI info compiled with the following output:
Change Dir: /home/samar/learning/qmcode/cpp/eigen_build/CMakeFiles/CMakeTmp

Run Build Command:"/usr/bin/make" "cmTC_4b18e/fast"
/usr/bin/make -f CMakeFiles/cmTC_4b18e.dir/build.make CMakeFiles/cmTC_4b18e.dir/build
make[1]: Entering directory `/home/samar/learning/qmcode/cpp/eigen_build/CMakeFiles/CMakeTmp'
Building CXX object CMakeFiles/cmTC_4b18e.dir/CMakeCXXCompilerABI.cpp.o
/usr/bin/c++      -o CMakeFiles/cmTC_4b18e.dir/CMakeCXXCompilerABI.cpp.o -c /usr/share/cmake-3.5/Modules/CMakeCXXCompilerABI.cpp
Linking CXX executable cmTC_4b18e
/usr/bin/cmake -E cmake_link_script CMakeFiles/cmTC_4b18e.dir/link.txt --verbose=1
/usr/bin/c++       -v CMakeFiles/cmTC_4b18e.dir/CMakeCXXCompilerABI.cpp.o  -o cmTC_4b18e -rdynamic  
Using built-in specs.
COLLECT_GCC=/usr/bin/c++
COLLECT_LTO_WRAPPER=/usr/lib/gcc/x86_64-linux-gnu/7/lto-wrapper
OFFLOAD_TARGET_NAMES=nvptx-none
OFFLOAD_TARGET_DEFAULT=1
Target: x86_64-linux-gnu
Configured with: ../src/configure -v --with-pkgversion='Ubuntu 7.2.0-1ubuntu1~14.04' --with-bugurl=file:///usr/share/doc/gcc-7/README.Bugs --enable-languages=c,ada,c++,go,brig,d,fortran,objc,obj-c++ --prefix=/usr --with-gcc-major-version-only --program-suffix=-7 --program-prefix=x86_64-linux-gnu- --enable-shared --enable-linker-build-id --libexecdir=/usr/lib --without-included-gettext --enable-threads=posix --libdir=/usr/lib --enable-nls --with-sysroot=/ --enable-clocale=gnu --enable-libstdcxx-debug --enable-libstdcxx-time=yes --with-default-libstdcxx-abi=gcc4-compatible --disable-libstdcxx-dual-abi --enable-gnu-unique-object --disable-vtable-verify --enable-libmpx --enable-plugin --with-system-zlib --with-target-system-zlib --enable-objc-gc=auto --enable-multiarch --disable-werror --with-arch-32=i686 --with-abi=m64 --with-multilib-list=m32,m64,mx32 --enable-multilib --with-tune=generic --enable-offload-targets=nvptx-none --without-cuda-driver --enable-checking=release --build=x86_64-linux-gnu --host=x86_64-linux-gnu --target=x86_64-linux-gnu
Thread model: posix
gcc version 7.2.0 (Ubuntu 7.2.0-1ubuntu1~14.04) 
COMPILER_PATH=/usr/lib/gcc/x86_64-linux-gnu/7/:/usr/lib/gcc/x86_64-linux-gnu/7/:/usr/lib/gcc/x86_64-linux-gnu/:/usr/lib/gcc/x86_64-linux-gnu/7/:/usr/lib/gcc/x86_64-linux-gnu/
LIBRARY_PATH=/usr/lib/gcc/x86_64-linux-gnu/7/:/usr/lib/gcc/x86_64-linux-gnu/7/../../../x86_64-linux-gnu/:/usr/lib/gcc/x86_64-linux-gnu/7/../../../../lib/:/lib/x86_64-linux-gnu/:/lib/../lib/:/usr/lib/x86_64-linux-gnu/:/usr/lib/../lib/:/usr/lib/gcc/x86_64-linux-gnu/7/../../../:/lib/:/usr/lib/
COLLECT_GCC_OPTIONS='-v' '-o' 'cmTC_4b18e' '-rdynamic' '-shared-libgcc' '-mtune=generic' '-march=x86-64'
 /usr/lib/gcc/x86_64-linux-gnu/7/collect2 -plugin /usr/lib/gcc/x86_64-linux-gnu/7/liblto_plugin.so -plugin-opt=/usr/lib/gcc/x86_64-linux-gnu/7/lto-wrapper -plugin-opt=-fresolution=/tmp/ccUSf4ub.res -plugin-opt=-pass-through=-lgcc_s -plugin-opt=-pass-through=-lgcc -plugin-opt=-pass-through=-lc -plugin-opt=-pass-through=-lgcc_s -plugin-opt=-pass-through=-lgcc --sysroot=/ --build-id --eh-frame-hdr -m elf_x86_64 --hash-style=gnu --as-needed -export-dynamic -dynamic-linker /lib64/ld-linux-x86-64.so.2 -z relro -o cmTC_4b18e /usr/lib/gcc/x86_64-linux-gnu/7/../../../x86_64-linux-gnu/crt1.o /usr/lib/gcc/x86_64-linux-gnu/7/../../../x86_64-linux-gnu/crti.o /usr/lib/gcc/x86_64-linux-gnu/7/crtbegin.o -L/usr/lib/gcc/x86_64-linux-gnu/7 -L/usr/lib/gcc/x86_64-linux-gnu/7/../../../x86_64-linux-gnu -L/usr/lib/gcc/x86_64-linux-gnu/7/../../../../lib -L/lib/x86_64-linux-gnu -L/lib/../lib -L/usr/lib/x86_64-linux-gnu -L/usr/lib/../lib -L/usr/lib/gcc/x86_64-linux-gnu/7/../../.. CMakeFiles/cmTC_4b18e.dir/CMakeCXXCompilerABI.cpp.o -lstdc++ -lm -lgcc_s -lgcc -lc -lgcc_s -lgcc /usr/lib/gcc/x86_64-linux-gnu/7/crtend.o /usr/lib/gcc/x86_64-linux-gnu/7/../../../x86_64-linux-gnu/crtn.o
COLLECT_GCC_OPTIONS='-v' '-o' 'cmTC_4b18e' '-rdynamic' '-shared-libgcc' '-mtune=generic' '-march=x86-64'
make[1]: Leaving directory `/home/samar/learning/qmcode/cpp/eigen_build/CMakeFiles/CMakeTmp'


Parsed CXX implicit link information from above output:
  link line regex: [^( *|.*[/\])(ld|([^/\]+-)?ld|collect2)[^/\]*( |$)]
  ignore line: [Change Dir: /home/samar/learning/qmcode/cpp/eigen_build/CMakeFiles/CMakeTmp]
  ignore line: []
  ignore line: [Run Build Command:"/usr/bin/make" "cmTC_4b18e/fast"]
  ignore line: [/usr/bin/make -f CMakeFiles/cmTC_4b18e.dir/build.make CMakeFiles/cmTC_4b18e.dir/build]
  ignore line: [make[1]: Entering directory `/home/samar/learning/qmcode/cpp/eigen_build/CMakeFiles/CMakeTmp']
  ignore line: [Building CXX object CMakeFiles/cmTC_4b18e.dir/CMakeCXXCompilerABI.cpp.o]
  ignore line: [/usr/bin/c++      -o CMakeFiles/cmTC_4b18e.dir/CMakeCXXCompilerABI.cpp.o -c /usr/share/cmake-3.5/Modules/CMakeCXXCompilerABI.cpp]
  ignore line: [Linking CXX executable cmTC_4b18e]
  ignore line: [/usr/bin/cmake -E cmake_link_script CMakeFiles/cmTC_4b18e.dir/link.txt --verbose=1]
  ignore line: [/usr/bin/c++       -v CMakeFiles/cmTC_4b18e.dir/CMakeCXXCompilerABI.cpp.o  -o cmTC_4b18e -rdynamic  ]
  ignore line: [Using built-in specs.]
  ignore line: [COLLECT_GCC=/usr/bin/c++]
  ignore line: [COLLECT_LTO_WRAPPER=/usr/lib/gcc/x86_64-linux-gnu/7/lto-wrapper]
  ignore line: [OFFLOAD_TARGET_NAMES=nvptx-none]
  ignore line: [OFFLOAD_TARGET_DEFAULT=1]
  ignore line: [Target: x86_64-linux-gnu]
  ignore line: [Configured with: ../src/configure -v --with-pkgversion='Ubuntu 7.2.0-1ubuntu1~14.04' --with-bugurl=file:///usr/share/doc/gcc-7/README.Bugs --enable-languages=c,ada,c++,go,brig,d,fortran,objc,obj-c++ --prefix=/usr --with-gcc-major-version-only --program-suffix=-7 --program-prefix=x86_64-linux-gnu- --enable-shared --enable-linker-build-id --libexecdir=/usr/lib --without-included-gettext --enable-threads=posix --libdir=/usr/lib --enable-nls --with-sysroot=/ --enable-clocale=gnu --enable-libstdcxx-debug --enable-libstdcxx-time=yes --with-default-libstdcxx-abi=gcc4-compatible --disable-libstdcxx-dual-abi --enable-gnu-unique-object --disable-vtable-verify --enable-libmpx --enable-plugin --with-system-zlib --with-target-system-zlib --enable-objc-gc=auto --enable-multiarch --disable-werror --with-arch-32=i686 --with-abi=m64 --with-multilib-list=m32,m64,mx32 --enable-multilib --with-tune=generic --enable-offload-targets=nvptx-none --without-cuda-driver --enable-checking=release --build=x86_64-linux-gnu --host=x86_64-linux-gnu --target=x86_64-linux-gnu]
  ignore line: [Thread model: posix]
  ignore line: [gcc version 7.2.0 (Ubuntu 7.2.0-1ubuntu1~14.04) ]
  ignore line: [COMPILER_PATH=/usr/lib/gcc/x86_64-linux-gnu/7/:/usr/lib/gcc/x86_64-linux-gnu/7/:/usr/lib/gcc/x86_64-linux-gnu/:/usr/lib/gcc/x86_64-linux-gnu/7/:/usr/lib/gcc/x86_64-linux-gnu/]
  ignore line: [LIBRARY_PATH=/usr/lib/gcc/x86_64-linux-gnu/7/:/usr/lib/gcc/x86_64-linux-gnu/7/../../../x86_64-linux-gnu/:/usr/lib/gcc/x86_64-linux-gnu/7/../../../../lib/:/lib/x86_64-linux-gnu/:/lib/../lib/:/usr/lib/x86_64-linux-gnu/:/usr/lib/../lib/:/usr/lib/gcc/x86_64-linux-gnu/7/../../../:/lib/:/usr/lib/]
  ignore line: [COLLECT_GCC_OPTIONS='-v' '-o' 'cmTC_4b18e' '-rdynamic' '-shared-libgcc' '-mtune=generic' '-march=x86-64']
  link line: [ /usr/lib/gcc/x86_64-linux-gnu/7/collect2 -plugin /usr/lib/gcc/x86_64-linux-gnu/7/liblto_plugin.so -plugin-opt=/usr/lib/gcc/x86_64-linux-gnu/7/lto-wrapper -plugin-opt=-fresolution=/tmp/ccUSf4ub.res -plugin-opt=-pass-through=-lgcc_s -plugin-opt=-pass-through=-lgcc -plugin-opt=-pass-through=-lc -plugin-opt=-pass-through=-lgcc_s -plugin-opt=-pass-through=-lgcc --sysroot=/ --build-id --eh-frame-hdr -m elf_x86_64 --hash-style=gnu --as-needed -export-dynamic -dynamic-linker /lib64/ld-linux-x86-64.so.2 -z relro -o cmTC_4b18e /usr/lib/gcc/x86_64-linux-gnu/7/../../../x86_64-linux-gnu/crt1.o /usr/lib/gcc/x86_64-linux-gnu/7/../../../x86_64-linux-gnu/crti.o /usr/lib/gcc/x86_64-linux-gnu/7/crtbegin.o -L/usr/lib/gcc/x86_64-linux-gnu/7 -L/usr/lib/gcc/x86_64-linux-gnu/7/../../../x86_64-linux-gnu -L/usr/lib/gcc/x86_64-linux-gnu/7/../../../../lib -L/lib/x86_64-linux-gnu -L/lib/../lib -L/usr/lib/x86_64-linux-gnu -L/usr/lib/../lib -L/usr/lib/gcc/x86_64-linux-gnu/7/../../.. CMakeFiles/cmTC_4b18e.dir/CMakeCXXCompilerABI.cpp.o -lstdc++ -lm -lgcc_s -lgcc -lc -lgcc_s -lgcc /usr/lib/gcc/x86_64-linux-gnu/7/crtend.o /usr/lib/gcc/x86_64-linux-gnu/7/../../../x86_64-linux-gnu/crtn.o]
    arg [/usr/lib/gcc/x86_64-linux-gnu/7/collect2] ==> ignore
    arg [-plugin] ==> ignore
    arg [/usr/lib/gcc/x86_64-linux-gnu/7/liblto_plugin.so] ==> ignore
    arg [-plugin-opt=/usr/lib/gcc/x86_64-linux-gnu/7/lto-wrapper] ==> ignore
    arg [-plugin-opt=-fresolution=/tmp/ccUSf4ub.res] ==> ignore
    arg [-plugin-opt=-pass-through=-lgcc_s] ==> ignore
    arg [-plugin-opt=-pass-through=-lgcc] ==> ignore
    arg [-plugin-opt=-pass-through=-lc] ==> ignore
    arg [-plugin-opt=-pass-through=-lgcc_s] ==> ignore
    arg [-plugin-opt=-pass-through=-lgcc] ==> ignore
    arg [--sysroot=/] ==> ignore
    arg [--build-id] ==> ignore
    arg [--eh-frame-hdr] ==> ignore
    arg [-m] ==> ignore
    arg [elf_x86_64] ==> ignore
    arg [--hash-style=gnu] ==> ignore
    arg [--as-needed] ==> ignore
    arg [-export-dynamic] ==> ignore
    arg [-dynamic-linker] ==> ignore
    arg [/lib64/ld-linux-x86-64.so.2] ==> ignore
    arg [-zrelro] ==> ignore
    arg [-o] ==> ignore
    arg [cmTC_4b18e] ==> ignore
    arg [/usr/lib/gcc/x86_64-linux-gnu/7/../../../x86_64-linux-gnu/crt1.o] ==> ignore
    arg [/usr/lib/gcc/x86_64-linux-gnu/7/../../../x86_64-linux-gnu/crti.o] ==> ignore
    arg [/usr/lib/gcc/x86_64-linux-gnu/7/crtbegin.o] ==> ignore
    arg [-L/usr/lib/gcc/x86_64-linux-gnu/7] ==> dir [/usr/lib/gcc/x86_64-linux-gnu/7]
    arg [-L/usr/lib/gcc/x86_64-linux-gnu/7/../../../x86_64-linux-gnu] ==> dir [/usr/lib/gcc/x86_64-linux-gnu/7/../../../x86_64-linux-gnu]
    arg [-L/usr/lib/gcc/x86_64-linux-gnu/7/../../../../lib] ==> dir [/usr/lib/gcc/x86_64-linux-gnu/7/../../../../lib]
    arg [-L/lib/x86_64-linux-gnu] ==> dir [/lib/x86_64-linux-gnu]
    arg [-L/lib/../lib] ==> dir [/lib/../lib]
    arg [-L/usr/lib/x86_64-linux-gnu] ==> dir [/usr/lib/x86_64-linux-gnu]
    arg [-L/usr/lib/../lib] ==> dir [/usr/lib/../lib]
    arg [-L/usr/lib/gcc/x86_64-linux-gnu/7/../../..] ==> dir [/usr/lib/gcc/x86_64-linux-gnu/7/../../..]
    arg [CMakeFiles/cmTC_4b18e.dir/CMakeCXXCompilerABI.cpp.o] ==> ignore
    arg [-lstdc++] ==> lib [stdc++]
    arg [-lm] ==> lib [m]
    arg [-lgcc_s] ==> lib [gcc_s]
    arg [-lgcc] ==> lib [gcc]
    arg [-lc] ==> lib [c]
    arg [-lgcc_s] ==> lib [gcc_s]
    arg [-lgcc] ==> lib [gcc]
    arg [/usr/lib/gcc/x86_64-linux-gnu/7/crtend.o] ==> ignore
    arg [/usr/lib/gcc/x86_64-linux-gnu/7/../../../x86_64-linux-gnu/crtn.o] ==> ignore
  remove lib [gcc_s]
  remove lib [gcc]
  remove lib [gcc_s]
  remove lib [gcc]
  collapse library dir [/usr/lib/gcc/x86_64-linux-gnu/7] ==> [/usr/lib/gcc/x86_64-linux-gnu/7]
  collapse library dir [/usr/lib/gcc/x86_64-linux-gnu/7/../../../x86_64-linux-gnu] ==> [/usr/lib/x86_64-linux-gnu]
  collapse library dir [/usr/lib/gcc/x86_64-linux-gnu/7/../../../../lib] ==> [/usr/lib]
  collapse library dir [/lib/x86_64-linux-gnu] ==> [/lib/x86_64-linux-gnu]
  collapse library dir [/lib/../lib] ==> [/lib]
  collapse library dir [/usr/lib/x86_64-linux-gnu] ==> [/usr/lib/x86_64-linux-gnu]
  collapse library dir [/usr/lib/../lib] ==> [/usr/lib]
  collapse library dir [/usr/lib/gcc/x86_64-linux-gnu/7/../../..] ==> [/usr/lib]
  implicit libs: [stdc++;m;c]
  implicit dirs: [/usr/lib/gcc/x86_64-linux-gnu/7;/usr/lib/x86_64-linux-gnu;/usr/lib;/lib/x86_64-linux-gnu;/lib]
  implicit fwks: []




Detecting CXX [-std=c++14] compiler features compiled with the following output:
Change Dir: /home/samar/learning/qmcode/cpp/eigen_build/CMakeFiles/CMakeTmp

Run Build Command:"/usr/bin/make" "cmTC_6e660/fast"
/usr/bin/make -f CMakeFiles/cmTC_6e660.dir/build.make CMakeFiles/cmTC_6e660.dir/build
make[1]: Entering directory `/home/samar/learning/qmcode/cpp/eigen_build/CMakeFiles/CMakeTmp'
Building CXX object CMakeFiles/cmTC_6e660.dir/feature_tests.cxx.o
/usr/bin/c++     -std=c++14 -o CMakeFiles/cmTC_6e660.dir/feature_tests.cxx.o -c /home/samar/learning/qmcode/cpp/eigen_build/CMakeFiles/feature_tests.cxx
Linking CXX executable cmTC_6e660
/usr/bin/cmake -E cmake_link_script CMakeFiles/cmTC_6e660.dir/link.txt --verbose=1
/usr/bin/c++        CMakeFiles/cmTC_6e660.dir/feature_tests.cxx.o  -o cmTC_6e660 -rdynamic 
make[1]: Leaving directory `/home/samar/learning/qmcode/cpp/eigen_build/CMakeFiles/CMakeTmp'


    Feature record: CXX_FEATURE:1cxx_aggregate_default_initializers
    Feature record: CXX_FEATURE:1cxx_alias_templates
    Feature record: CXX_FEATURE:1cxx_alignas
    Feature record: CXX_FEATURE:1cxx_alignof
    Feature record: CXX_FEATURE:1cxx_attributes
    Feature record: CXX_FEATURE:1cxx_attribute_deprecated
    Feature record: CXX_FEATURE:1cxx_auto_type
    Feature record: CXX_FEATURE:1cxx_binary_literals
    Feature record: CXX_FEATURE:1cxx_constexpr
    Feature record: CXX_FEATURE:1cxx_contextual_conversions
    Feature record: CXX_FEATURE:1cxx_decltype
    Feature record: CXX_FEATURE:1cxx_decltype_auto
    Feature record: CXX_FEATURE:1cxx_decltype_incomplete_return_types
    Feature record: CXX_FEATURE:1cxx_default_function_template_args
    Feature record: CXX_FEATURE:1cxx_defaulted_functions
    Feature record: CXX_FEATURE:1cxx_defaulted_move_initializers
    Feature record: CXX_FEATURE:1cxx_delegating_constructors
    Feature record: CXX_FEATURE:1cxx_deleted_functions
    Feature record: CXX_FEATURE:1cxx_digit_separators
    Feature record: CXX_FEATURE:1cxx_enum_forward_declarations
    Feature record: CXX_FEATURE:1cxx_explicit_conversions
    Feature record: CXX_FEATURE:1cxx_extended_friend_declarations
    Feature record: CXX_FEATURE:1cxx_extern_templates
    Feature record: CXX_FEATURE:1cxx_final
    Feature record: CXX_FEATURE:1cxx_func_identifier
    Feature record: CXX_FEATURE:1cxx_generalized_initializers
    Feature record: CXX_FEATURE:1cxx_generic_lambdas
    Feature record: CXX_FEATURE:1cxx_inheriting_constructors
    Feature record: CXX_FEATURE:1cxx_inline_namespaces
    Feature record: CXX_FEATURE:1cxx_lambdas
    Feature record: CXX_FEATURE:1cxx_lambda_init_captures
    Feature record: CXX_FEATURE:1cxx_local_type_template_args
    Feature record: CXX_FEATURE:1cxx_long_long_type
    Feature record: CXX_FEATURE:1cxx_noexcept
    Feature record: CXX_FEATURE:1cxx_nonstatic_member_init
    Feature record: CXX_FEATURE:1cxx_nullptr
    Feature record: CXX_FEATURE:1cxx_override
    Feature record: CXX_FEATURE:1cxx_range_for
    Feature record: CXX_FEATURE:1cxx_raw_string_literals
    Feature record: CXX_FEATURE:1cxx_reference_qualified_functions
    Feature record: CXX_FEATURE:1cxx_relaxed_constexpr
    Feature record: CXX_FEATURE:1cxx_return_type_deduction
    Feature record: CXX_FEATURE:1cxx_right_angle_brackets
    Feature record: CXX_FEATURE:1cxx_rvalue_references
    Feature record: CXX_FEATURE:1cxx_sizeof_member
    Feature record: CXX_FEATURE:1cxx_static_assert
    Feature record: CXX_FEATURE:1cxx_strong_enums
    Feature record: CXX_FEATURE:1cxx_template_template_parameters
    Feature record: CXX_FEATURE:1cxx_thread_local
    Feature record: CXX_FEATURE:1cxx_trailing_return_types
    Feature record: CXX_FEATURE:1cxx_unicode_literals
    Feature record: CXX_FEATURE:1cxx_uniform_initialization
    Feature record: CXX_FEATURE:1cxx_unrestricted_unions
    Feature record: CXX_FEATURE:1cxx_user_literals
    Feature record: CXX_FEATURE:1cxx_variable_templates
    Feature record: CXX_FEATURE:1cxx_variadic_macros
    Feature record: CXX_FEATURE:1cxx_variadic_templates


Detecting CXX [-std=c++11] compiler features compiled with the following output:
Change Dir: /home/samar/learning/qmcode/cpp/eigen_build/CMakeFiles/CMakeTmp

Run Build Command:"/usr/bin/make" "cmTC_7918a/fast"
/usr/bin/make -f CMakeFiles/cmTC_7918a.dir/build.make CMakeFiles/cmTC_7918a.dir/build
make[1]: Entering directory `/home/samar/learning/qmcode/cpp/eigen_build/CMakeFiles/CMakeTmp'
Building CXX object CMakeFiles/cmTC_7918a.dir/feature_tests.cxx.o
/usr/bin/c++     -std=c++11 -o CMakeFiles/cmTC_7918a.dir/feature_tests.cxx.o -c /home/samar/learning/qmcode/cpp/eigen_build/CMakeFiles/feature_tests.cxx
Linking CXX executable cmTC_7918a
/usr/bin/cmake -E cmake_link_script CMakeFiles/cmTC_7918a.dir/link.txt --verbose=1
/usr/bin/c++        CMakeFiles/cmTC_7918a.dir/feature_tests.cxx.o  -o cmTC_7918a -rdynamic 
make[1]: Leaving directory `/home/samar/learning/qmcode/cpp/eigen_build/CMakeFiles/CMakeTmp'


    Feature record: CXX_FEATURE:0cxx_aggregate_default_initializers
    Feature record: CXX_FEATURE:1cxx_alias_templates
    Feature record: CXX_FEATURE:1cxx_alignas
    Feature record: CXX_FEATURE:1cxx_alignof
    Feature record: CXX_FEATURE:1cxx_attributes
    Feature record: CXX_FEATURE:0cxx_attribute_deprecated
    Feature record: CXX_FEATURE:1cxx_auto_type
    Feature record: CXX_FEATURE:0cxx_binary_literals
    Feature record: CXX_FEATURE:1cxx_constexpr
    Feature record: CXX_FEATURE:0cxx_contextual_conversions
    Feature record: CXX_FEATURE:1cxx_decltype
    Feature record: CXX_FEATURE:0cxx_decltype_auto
    Feature record: CXX_FEATURE:1cxx_decltype_incomplete_return_types
    Feature record: CXX_FEATURE:1cxx_default_function_template_args
    Feature record: CXX_FEATURE:1cxx_defaulted_functions
    Feature record: CXX_FEATURE:1cxx_defaulted_move_initializers
    Feature record: CXX_FEATURE:1cxx_delegating_constructors
    Feature record: CXX_FEATURE:1cxx_deleted_functions
    Feature record: CXX_FEATURE:0cxx_digit_separators
    Feature record: CXX_FEATURE:1cxx_enum_forward_declarations
    Feature record: CXX_FEATURE:1cxx_explicit_conversions
    Feature record: CXX_FEATURE:1cxx_extended_friend_declarations
    Feature record: CXX_FEATURE:1cxx_extern_templates
    Feature record: CXX_FEATURE:1cxx_final
    Feature record: CXX_FEATURE:1cxx_func_identifier
    Feature record: CXX_FEATURE:1cxx_generalized_initializers
    Feature record: CXX_FEATURE:0cxx_generic_lambdas
    Feature record: CXX_FEATURE:1cxx_inheriting_constructors
    Feature record: CXX_FEATURE:1cxx_inline_namespaces
    Feature record: CXX_FEATURE:1cxx_lambdas
    Feature record: CXX_FEATURE:0cxx_lambda_init_captures
    Feature record: CXX_FEATURE:1cxx_local_type_template_args
    Feature record: CXX_FEATURE:1cxx_long_long_type
    Feature record: CXX_FEATURE:1cxx_noexcept
    Feature record: CXX_FEATURE:1cxx_nonstatic_member_init
    Feature record: CXX_FEATURE:1cxx_nullptr
    Feature record: CXX_FEATURE:1cxx_override
    Feature record: CXX_FEATURE:1cxx_range_for
    Feature record: CXX_FEATURE:1cxx_raw_string_literals
    Feature record: CXX_FEATURE:1cxx_reference_qualified_functions
    Feature record: CXX_FEATURE:0cxx_relaxed_constexpr
    Feature record: CXX_FEATURE:0cxx_return_type_deduction
    Feature record: CXX_FEATURE:1cxx_right_angle_brackets
    Feature record: CXX_FEATURE:1cxx_rvalue_references
    Feature record: CXX_FEATURE:1cxx_sizeof_member
    Feature record: CXX_FEATURE:1cxx_static_assert
    Feature record: CXX_FEATURE:1cxx_strong_enums
    Feature record: CXX_FEATURE:1cxx_template_template_parameters
    Feature record: CXX_FEATURE:1cxx_thread_local
    Feature record: CXX_FEATURE:1cxx_trailing_return_types
    Feature record: CXX_FEATURE:1cxx_unicode_literals
    Feature record: CXX_FEATURE:1cxx_uniform_initialization
    Feature record: CXX_FEATURE:1cxx_unrestricted_unions
    Feature record: CXX_FEATURE:1cxx_user_literals
    Feature record: CXX_FEATURE:0cxx_variable_templates
    Feature record: CXX_FEATURE:1cxx_variadic_macros
    Feature record: CXX_FEATURE:1cxx_variadic_templates


Detecting CXX [-std=c++98] compiler features compiled with the following output:
Change Dir: /home/samar/learning/qmcode/cpp/eigen_build/CMakeFiles/CMakeTmp

Run Build Command:"/usr/bin/make" "cmTC_cdb12/fast"
/usr/bin/make -f CMakeFiles/cmTC_cdb12.dir/build.make CMakeFiles/cmTC_cdb12.dir/build
make[1]: Entering directory `/home/samar/learning/qmcode/cpp/eigen_build/CMakeFiles/CMakeTmp'
Building CXX object CMakeFiles/cmTC_cdb12.dir/feature_tests.cxx.o
/usr/bin/c++     -std=c++98 -o CMakeFiles/cmTC_cdb12.dir/feature_tests.cxx.o -c /home/samar/learning/qmcode/cpp/eigen_build/CMakeFiles/feature_tests.cxx
Linking CXX executable cmTC_cdb12
/usr/bin/cmake -E cmake_link_script CMakeFiles/cmTC_cdb12.dir/link.txt --verbose=1
/usr/bin/c++        CMakeFiles/cmTC_cdb12.dir/feature_tests.cxx.o  -o cmTC_cdb12 -rdynamic 
make[1]: Leaving directory `/home/samar/learning/qmcode/cpp/eigen_build/CMakeFiles/CMakeTmp'


    Feature record: CXX_FEATURE:0cxx_aggregate_default_initializers
    Feature record: CXX_FEATURE:0cxx_alias_templates
    Feature record: CXX_FEATURE:0cxx_alignas
    Feature record: CXX_FEATURE:0cxx_alignof
    Feature record: CXX_FEATURE:0cxx_attributes
    Feature record: CXX_FEATURE:0cxx_attribute_deprecated
    Feature record: CXX_FEATURE:0cxx_auto_type
    Feature record: CXX_FEATURE:0cxx_binary_literals
    Feature record: CXX_FEATURE:0cxx_constexpr
    Feature record: CXX_FEATURE:0cxx_contextual_conversions
    Feature record: CXX_FEATURE:0cxx_decltype
    Feature record: CXX_FEATURE:0cxx_decltype_auto
    Feature record: CXX_FEATURE:0cxx_decltype_incomplete_return_types
    Feature record: CXX_FEATURE:0cxx_default_function_template_args
    Feature record: CXX_FEATURE:0cxx_defaulted_functions
    Feature record: CXX_FEATURE:0cxx_defaulted_move_initializers
    Feature record: CXX_FEATURE:0cxx_delegating_constructors
    Feature record: CXX_FEATURE:0cxx_deleted_functions
    Feature record: CXX_FEATURE:0cxx_digit_separators
    Feature record: CXX_FEATURE:0cxx_enum_forward_declarations
    Feature record: CXX_FEATURE:0cxx_explicit_conversions
    Feature record: CXX_FEATURE:0cxx_extended_friend_declarations
    Feature record: CXX_FEATURE:0cxx_extern_templates
    Feature record: CXX_FEATURE:0cxx_final
    Feature record: CXX_FEATURE:0cxx_func_identifier
    Feature record: CXX_FEATURE:0cxx_generalized_initializers
    Feature record: CXX_FEATURE:0cxx_generic_lambdas
    Feature record: CXX_FEATURE:0cxx_inheriting_constructors
    Feature record: CXX_FEATURE:0cxx_inline_namespaces
    Feature record: CXX_FEATURE:0cxx_lambdas
    Feature record: CXX_FEATURE:0cxx_lambda_init_captures
    Feature record: CXX_FEATURE:0cxx_local_type_template_args
    Feature record: CXX_FEATURE:0cxx_long_long_type
    Feature record: CXX_FEATURE:0cxx_noexcept
    Feature record: CXX_FEATURE:0cxx_nonstatic_member_init
    Feature record: CXX_FEATURE:0cxx_nullptr
    Feature record: CXX_FEATURE:0cxx_override
    Feature record: CXX_FEATURE:0cxx_range_for
    Feature record: CXX_FEATURE:0cxx_raw_string_literals
    Feature record: CXX_FEATURE:0cxx_reference_qualified_functions
    Feature record: CXX_FEATURE:0cxx_relaxed_constexpr
    Feature record: CXX_FEATURE:0cxx_return_type_deduction
    Feature record: CXX_FEATURE:0cxx_right_angle_brackets
    Feature record: CXX_FEATURE:0cxx_rvalue_references
    Feature record: CXX_FEATURE:0cxx_sizeof_member
    Feature record: CXX_FEATURE:0cxx_static_assert
    Feature record: CXX_FEATURE:0cxx_strong_enums
    Feature record: CXX_FEATURE:1cxx_template_template_parameters
    Feature record: CXX_FEATURE:0cxx_thread_local
    Feature record: CXX_FEATURE:0cxx_trailing_return_types
    Feature record: CXX_FEATURE:0cxx_unicode_literals
    Feature record: CXX_FEATURE:0cxx_uniform_initialization
    Feature record: CXX_FEATURE:0cxx_unrestricted_unions
    Feature record: CXX_FEATURE:0cxx_user_literals
    Feature record: CXX_FEATURE:0cxx_variable_templates
    Feature record: CXX_FEATURE:0cxx_variadic_macros
    Feature record: CXX_FEATURE:0cxx_variadic_templates
Performing C++ SOURCE FILE Test standard_math_library_linked_to_automatically succeeded with the following output:
Change Dir: /home/samar/learning/qmcode/cpp/eigen_build/CMakeFiles/CMakeTmp

Run Build Command:"/usr/bin/make" "cmTC_541b3/fast"
/usr/bin/make -f CMakeFiles/cmTC_541b3.dir/build.make CMakeFiles/cmTC_541b3.dir/build
make[1]: Entering directory `/home/samar/learning/qmcode/cpp/eigen_build/CMakeFiles/CMakeTmp'
Building CXX object CMakeFiles/cmTC_541b3.dir/src.cxx.o
/usr/bin/c++     -Dstandard_math_library_linked_to_automatically   -o CMakeFiles/cmTC_541b3.dir/src.cxx.o -c /home/samar/learning/qmcode/cpp/eigen_build/CMakeFiles/CMakeTmp/src.cxx
Linking CXX executable cmTC_541b3
/usr/bin/cmake -E cmake_link_script CMakeFiles/cmTC_541b3.dir/link.txt --verbose=1
/usr/bin/c++    -Dstandard_math_library_linked_to_automatically    CMakeFiles/cmTC_541b3.dir/src.cxx.o  -o cmTC_541b3 -rdynamic 
make[1]: Leaving directory `/home/samar/learning/qmcode/cpp/eigen_build/CMakeFiles/CMakeTmp'

Source file was:
#include<cmath>
int main() { std::sin(0.0); std::log(0.0f); }
Performing C++ SOURCE FILE Test COMPILER_SUPPORT_WERROR succeeded with the following output:
Change Dir: /home/samar/learning/qmcode/cpp/eigen_build/CMakeFiles/CMakeTmp

Run Build Command:"/usr/bin/make" "cmTC_60132/fast"
/usr/bin/make -f CMakeFiles/cmTC_60132.dir/build.make CMakeFiles/cmTC_60132.dir/build
make[1]: Entering directory `/home/samar/learning/qmcode/cpp/eigen_build/CMakeFiles/CMakeTmp'
Building CXX object CMakeFiles/cmTC_60132.dir/src.cxx.o
/usr/bin/c++     -DCOMPILER_SUPPORT_WERROR   -Werror -o CMakeFiles/cmTC_60132.dir/src.cxx.o -c /home/samar/learning/qmcode/cpp/eigen_build/CMakeFiles/CMakeTmp/src.cxx
Linking CXX executable cmTC_60132
/usr/bin/cmake -E cmake_link_script CMakeFiles/cmTC_60132.dir/link.txt --verbose=1
/usr/bin/c++    -DCOMPILER_SUPPORT_WERROR    CMakeFiles/cmTC_60132.dir/src.cxx.o  -o cmTC_60132 -rdynamic 
make[1]: Leaving directory `/home/samar/learning/qmcode/cpp/eigen_build/CMakeFiles/CMakeTmp'

Source file was:
int main() { return 0; }
Performing C++ SOURCE FILE Test COMPILER_SUPPORT_pedantic succeeded with the following output:
Change Dir: /home/samar/learning/qmcode/cpp/eigen_build/CMakeFiles/CMakeTmp

Run Build Command:"/usr/bin/make" "cmTC_9eba7/fast"
/usr/bin/make -f CMakeFiles/cmTC_9eba7.dir/build.make CMakeFiles/cmTC_9eba7.dir/build
make[1]: Entering directory `/home/samar/learning/qmcode/cpp/eigen_build/CMakeFiles/CMakeTmp'
Building CXX object CMakeFiles/cmTC_9eba7.dir/src.cxx.o
/usr/bin/c++     -DCOMPILER_SUPPORT_pedantic -Werror   -pedantic -o CMakeFiles/cmTC_9eba7.dir/src.cxx.o -c /home/samar/learning/qmcode/cpp/eigen_build/CMakeFiles/CMakeTmp/src.cxx
Linking CXX executable cmTC_9eba7
/usr/bin/cmake -E cmake_link_script CMakeFiles/cmTC_9eba7.dir/link.txt --verbose=1
/usr/bin/c++    -DCOMPILER_SUPPORT_pedantic -Werror    CMakeFiles/cmTC_9eba7.dir/src.cxx.o  -o cmTC_9eba7 -rdynamic 
make[1]: Leaving directory `/home/samar/learning/qmcode/cpp/eigen_build/CMakeFiles/CMakeTmp'

Source file was:
int main() { return 0; }
Performing C++ SOURCE FILE Test COMPILER_SUPPORT_Wall succeeded with the following output:
Change Dir: /home/samar/learning/qmcode/cpp/eigen_build/CMakeFiles/CMakeTmp

Run Build Command:"/usr/bin/make" "cmTC_1e801/fast"
/usr/bin/make -f CMakeFiles/cmTC_1e801.dir/build.make CMakeFiles/cmTC_1e801.dir/build
make[1]: Entering directory `/home/samar/learning/qmcode/cpp/eigen_build/CMakeFiles/CMakeTmp'
Building CXX object CMakeFiles/cmTC_1e801.dir/src.cxx.o
/usr/bin/c++     -pedantic -DCOMPILER_SUPPORT_Wall -Werror   -Wall -o CMakeFiles/cmTC_1e801.dir/src.cxx.o -c /home/samar/learning/qmcode/cpp/eigen_build/CMakeFiles/CMakeTmp/src.cxx
Linking CXX executable cmTC_1e801
/usr/bin/cmake -E cmake_link_script CMakeFiles/cmTC_1e801.dir/link.txt --verbose=1
/usr/bin/c++    -pedantic -DCOMPILER_SUPPORT_Wall -Werror    CMakeFiles/cmTC_1e801.dir/src.cxx.o  -o cmTC_1e801 -rdynamic 
make[1]: Leaving directory `/home/samar/learning/qmcode/cpp/eigen_build/CMakeFiles/CMakeTmp'

Source file was:
int main() { return 0; }
Performing C++ SOURCE FILE Test COMPILER_SUPPORT_Wextra succeeded with the following output:
Change Dir: /home/samar/learning/qmcode/cpp/eigen_build/CMakeFiles/CMakeTmp

Run Build Command:"/usr/bin/make" "cmTC_fab26/fast"
/usr/bin/make -f CMakeFiles/cmTC_fab26.dir/build.make CMakeFiles/cmTC_fab26.dir/build
make[1]: Entering directory `/home/samar/learning/qmcode/cpp/eigen_build/CMakeFiles/CMakeTmp'
Building CXX object CMakeFiles/cmTC_fab26.dir/src.cxx.o
/usr/bin/c++     -pedantic -Wall -DCOMPILER_SUPPORT_Wextra -Werror   -Wextra -o CMakeFiles/cmTC_fab26.dir/src.cxx.o -c /home/samar/learning/qmcode/cpp/eigen_build/CMakeFiles/CMakeTmp/src.cxx
Linking CXX executable cmTC_fab26
/usr/bin/cmake -E cmake_link_script CMakeFiles/cmTC_fab26.dir/link.txt --verbose=1
/usr/bin/c++    -pedantic -Wall -DCOMPILER_SUPPORT_Wextra -Werror    CMakeFiles/cmTC_fab26.dir/src.cxx.o  -o cmTC_fab26 -rdynamic 
make[1]: Leaving directory `/home/samar/learning/qmcode/cpp/eigen_build/CMakeFiles/CMakeTmp'

Source file was:
int main() { return 0; }
Performing C++ SOURCE FILE Test COMPILER_SUPPORT_Wundef succeeded with the following output:
Change Dir: /home/samar/learning/qmcode/cpp/eigen_build/CMakeFiles/CMakeTmp

Run Build Command:"/usr/bin/make" "cmTC_c24db/fast"
/usr/bin/make -f CMakeFiles/cmTC_c24db.dir/build.make CMakeFiles/cmTC_c24db.dir/build
make[1]: Entering directory `/home/samar/learning/qmcode/cpp/eigen_build/CMakeFiles/CMakeTmp'
Building CXX object CMakeFiles/cmTC_c24db.dir/src.cxx.o
/usr/bin/c++     -pedantic -Wall -Wextra -DCOMPILER_SUPPORT_Wundef -Werror   -Wundef -o CMakeFiles/cmTC_c24db.dir/src.cxx.o -c /home/samar/learning/qmcode/cpp/eigen_build/CMakeFiles/CMakeTmp/src.cxx
Linking CXX executable cmTC_c24db
/usr/bin/cmake -E cmake_link_script CMakeFiles/cmTC_c24db.dir/link.txt --verbose=1
/usr/bin/c++    -pedantic -Wall -Wextra -DCOMPILER_SUPPORT_Wundef -Werror    CMakeFiles/cmTC_c24db.dir/src.cxx.o  -o cmTC_c24db -rdynamic 
make[1]: Leaving directory `/home/samar/learning/qmcode/cpp/eigen_build/CMakeFiles/CMakeTmp'

Source file was:
int main() { return 0; }
Performing C++ SOURCE FILE Test COMPILER_SUPPORT_Wcastalign succeeded with the following output:
Change Dir: /home/samar/learning/qmcode/cpp/eigen_build/CMakeFiles/CMakeTmp

Run Build Command:"/usr/bin/make" "cmTC_20ee6/fast"
/usr/bin/make -f CMakeFiles/cmTC_20ee6.dir/build.make CMakeFiles/cmTC_20ee6.dir/build
make[1]: Entering directory `/home/samar/learning/qmcode/cpp/eigen_build/CMakeFiles/CMakeTmp'
Building CXX object CMakeFiles/cmTC_20ee6.dir/src.cxx.o
/usr/bin/c++     -pedantic -Wall -Wextra -Wundef -DCOMPILER_SUPPORT_Wcastalign -Werror   -Wcast-align -o CMakeFiles/cmTC_20ee6.dir/src.cxx.o -c /home/samar/learning/qmcode/cpp/eigen_build/CMakeFiles/CMakeTmp/src.cxx
Linking CXX executable cmTC_20ee6
/usr/bin/cmake -E cmake_link_script CMakeFiles/cmTC_20ee6.dir/link.txt --verbose=1
/usr/bin/c++    -pedantic -Wall -Wextra -Wundef -DCOMPILER_SUPPORT_Wcastalign -Werror    CMakeFiles/cmTC_20ee6.dir/src.cxx.o  -o cmTC_20ee6 -rdynamic 
make[1]: Leaving directory `/home/samar/learning/qmcode/cpp/eigen_build/CMakeFiles/CMakeTmp'

Source file was:
int main() { return 0; }
Performing C++ SOURCE FILE Test COMPILER_SUPPORT_Wcharsubscripts succeeded with the following output:
Change Dir: /home/samar/learning/qmcode/cpp/eigen_build/CMakeFiles/CMakeTmp

Run Build Command:"/usr/bin/make" "cmTC_81abc/fast"
/usr/bin/make -f CMakeFiles/cmTC_81abc.dir/build.make CMakeFiles/cmTC_81abc.dir/build
make[1]: Entering directory `/home/samar/learning/qmcode/cpp/eigen_build/CMakeFiles/CMakeTmp'
Building CXX object CMakeFiles/cmTC_81abc.dir/src.cxx.o
/usr/bin/c++     -pedantic -Wall -Wextra -Wundef -Wcast-align -DCOMPILER_SUPPORT_Wcharsubscripts -Werror   -Wchar-subscripts -o CMakeFiles/cmTC_81abc.dir/src.cxx.o -c /home/samar/learning/qmcode/cpp/eigen_build/CMakeFiles/CMakeTmp/src.cxx
Linking CXX executable cmTC_81abc
/usr/bin/cmake -E cmake_link_script CMakeFiles/cmTC_81abc.dir/link.txt --verbose=1
/usr/bin/c++    -pedantic -Wall -Wextra -Wundef -Wcast-align -DCOMPILER_SUPPORT_Wcharsubscripts -Werror    CMakeFiles/cmTC_81abc.dir/src.cxx.o  -o cmTC_81abc -rdynamic 
make[1]: Leaving directory `/home/samar/learning/qmcode/cpp/eigen_build/CMakeFiles/CMakeTmp'

Source file was:
int main() { return 0; }
Performing C++ SOURCE FILE Test COMPILER_SUPPORT_Wnonvirtualdtor succeeded with the following output:
Change Dir: /home/samar/learning/qmcode/cpp/eigen_build/CMakeFiles/CMakeTmp

Run Build Command:"/usr/bin/make" "cmTC_4cbed/fast"
/usr/bin/make -f CMakeFiles/cmTC_4cbed.dir/build.make CMakeFiles/cmTC_4cbed.dir/build
make[1]: Entering directory `/home/samar/learning/qmcode/cpp/eigen_build/CMakeFiles/CMakeTmp'
Building CXX object CMakeFiles/cmTC_4cbed.dir/src.cxx.o
/usr/bin/c++     -pedantic -Wall -Wextra -Wundef -Wcast-align -Wchar-subscripts -DCOMPILER_SUPPORT_Wnonvirtualdtor -Werror   -Wnon-virtual-dtor -o CMakeFiles/cmTC_4cbed.dir/src.cxx.o -c /home/samar/learning/qmcode/cpp/eigen_build/CMakeFiles/CMakeTmp/src.cxx
Linking CXX executable cmTC_4cbed
/usr/bin/cmake -E cmake_link_script CMakeFiles/cmTC_4cbed.dir/link.txt --verbose=1
/usr/bin/c++    -pedantic -Wall -Wextra -Wundef -Wcast-align -Wchar-subscripts -DCOMPILER_SUPPORT_Wnonvirtualdtor -Werror    CMakeFiles/cmTC_4cbed.dir/src.cxx.o  -o cmTC_4cbed -rdynamic 
make[1]: Leaving directory `/home/samar/learning/qmcode/cpp/eigen_build/CMakeFiles/CMakeTmp'

Source file was:
int main() { return 0; }
Performing C++ SOURCE FILE Test COMPILER_SUPPORT_Wunusedlocaltypedefs succeeded with the following output:
Change Dir: /home/samar/learning/qmcode/cpp/eigen_build/CMakeFiles/CMakeTmp

Run Build Command:"/usr/bin/make" "cmTC_ab4fc/fast"
/usr/bin/make -f CMakeFiles/cmTC_ab4fc.dir/build.make CMakeFiles/cmTC_ab4fc.dir/build
make[1]: Entering directory `/home/samar/learning/qmcode/cpp/eigen_build/CMakeFiles/CMakeTmp'
Building CXX object CMakeFiles/cmTC_ab4fc.dir/src.cxx.o
/usr/bin/c++     -pedantic -Wall -Wextra -Wundef -Wcast-align -Wchar-subscripts -Wnon-virtual-dtor -DCOMPILER_SUPPORT_Wunusedlocaltypedefs -Werror   -Wunused-local-typedefs -o CMakeFiles/cmTC_ab4fc.dir/src.cxx.o -c /home/samar/learning/qmcode/cpp/eigen_build/CMakeFiles/CMakeTmp/src.cxx
Linking CXX executable cmTC_ab4fc
/usr/bin/cmake -E cmake_link_script CMakeFiles/cmTC_ab4fc.dir/link.txt --verbose=1
/usr/bin/c++    -pedantic -Wall -Wextra -Wundef -Wcast-align -Wchar-subscripts -Wnon-virtual-dtor -DCOMPILER_SUPPORT_Wunusedlocaltypedefs -Werror    CMakeFiles/cmTC_ab4fc.dir/src.cxx.o  -o cmTC_ab4fc -rdynamic 
make[1]: Leaving directory `/home/samar/learning/qmcode/cpp/eigen_build/CMakeFiles/CMakeTmp'

Source file was:
int main() { return 0; }
Performing C++ SOURCE FILE Test COMPILER_SUPPORT_Wpointerarith succeeded with the following output:
Change Dir: /home/samar/learning/qmcode/cpp/eigen_build/CMakeFiles/CMakeTmp

Run Build Command:"/usr/bin/make" "cmTC_7955c/fast"
/usr/bin/make -f CMakeFiles/cmTC_7955c.dir/build.make CMakeFiles/cmTC_7955c.dir/build
make[1]: Entering directory `/home/samar/learning/qmcode/cpp/eigen_build/CMakeFiles/CMakeTmp'
Building CXX object CMakeFiles/cmTC_7955c.dir/src.cxx.o
/usr/bin/c++     -pedantic -Wall -Wextra -Wundef -Wcast-align -Wchar-subscripts -Wnon-virtual-dtor -Wunused-local-typedefs -DCOMPILER_SUPPORT_Wpointerarith -Werror   -Wpointer-arith -o CMakeFiles/cmTC_7955c.dir/src.cxx.o -c /home/samar/learning/qmcode/cpp/eigen_build/CMakeFiles/CMakeTmp/src.cxx
Linking CXX executable cmTC_7955c
/usr/bin/cmake -E cmake_link_script CMakeFiles/cmTC_7955c.dir/link.txt --verbose=1
/usr/bin/c++    -pedantic -Wall -Wextra -Wundef -Wcast-align -Wchar-subscripts -Wnon-virtual-dtor -Wunused-local-typedefs -DCOMPILER_SUPPORT_Wpointerarith -Werror    CMakeFiles/cmTC_7955c.dir/src.cxx.o  -o cmTC_7955c -rdynamic 
make[1]: Leaving directory `/home/samar/learning/qmcode/cpp/eigen_build/CMakeFiles/CMakeTmp'

Source file was:
int main() { return 0; }
Performing C++ SOURCE FILE Test COMPILER_SUPPORT_Wwritestrings succeeded with the following output:
Change Dir: /home/samar/learning/qmcode/cpp/eigen_build/CMakeFiles/CMakeTmp

Run Build Command:"/usr/bin/make" "cmTC_94102/fast"
/usr/bin/make -f CMakeFiles/cmTC_94102.dir/build.make CMakeFiles/cmTC_94102.dir/build
make[1]: Entering directory `/home/samar/learning/qmcode/cpp/eigen_build/CMakeFiles/CMakeTmp'
Building CXX object CMakeFiles/cmTC_94102.dir/src.cxx.o
/usr/bin/c++     -pedantic -Wall -Wextra -Wundef -Wcast-align -Wchar-subscripts -Wnon-virtual-dtor -Wunused-local-typedefs -Wpointer-arith -DCOMPILER_SUPPORT_Wwritestrings -Werror   -Wwrite-strings -o CMakeFiles/cmTC_94102.dir/src.cxx.o -c /home/samar/learning/qmcode/cpp/eigen_build/CMakeFiles/CMakeTmp/src.cxx
Linking CXX executable cmTC_94102
/usr/bin/cmake -E cmake_link_script CMakeFiles/cmTC_94102.dir/link.txt --verbose=1
/usr/bin/c++    -pedantic -Wall -Wextra -Wundef -Wcast-align -Wchar-subscripts -Wnon-virtual-dtor -Wunused-local-typedefs -Wpointer-arith -DCOMPILER_SUPPORT_Wwritestrings -Werror    CMakeFiles/cmTC_94102.dir/src.cxx.o  -o cmTC_94102 -rdynamic 
make[1]: Leaving directory `/home/samar/learning/qmcode/cpp/eigen_build/CMakeFiles/CMakeTmp'

Source file was:
int main() { return 0; }
Performing C++ SOURCE FILE Test COMPILER_SUPPORT_Wformatsecurity succeeded with the following output:
Change Dir: /home/samar/learning/qmcode/cpp/eigen_build/CMakeFiles/CMakeTmp

Run Build Command:"/usr/bin/make" "cmTC_5d0bd/fast"
/usr/bin/make -f CMakeFiles/cmTC_5d0bd.dir/build.make CMakeFiles/cmTC_5d0bd.dir/build
make[1]: Entering directory `/home/samar/learning/qmcode/cpp/eigen_build/CMakeFiles/CMakeTmp'
Building CXX object CMakeFiles/cmTC_5d0bd.dir/src.cxx.o
/usr/bin/c++     -pedantic -Wall -Wextra -Wundef -Wcast-align -Wchar-subscripts -Wnon-virtual-dtor -Wunused-local-typedefs -Wpointer-arith -Wwrite-strings -DCOMPILER_SUPPORT_Wformatsecurity -Werror   -Wformat-security -o CMakeFiles/cmTC_5d0bd.dir/src.cxx.o -c /home/samar/learning/qmcode/cpp/eigen_build/CMakeFiles/CMakeTmp/src.cxx
Linking CXX executable cmTC_5d0bd
/usr/bin/cmake -E cmake_link_script CMakeFiles/cmTC_5d0bd.dir/link.txt --verbose=1
/usr/bin/c++    -pedantic -Wall -Wextra -Wundef -Wcast-align -Wchar-subscripts -Wnon-virtual-dtor -Wunused-local-typedefs -Wpointer-arith -Wwrite-strings -DCOMPILER_SUPPORT_Wformatsecurity -Werror    CMakeFiles/cmTC_5d0bd.dir/src.cxx.o  -o cmTC_5d0bd -rdynamic 
make[1]: Leaving directory `/home/samar/learning/qmcode/cpp/eigen_build/CMakeFiles/CMakeTmp'

Source file was:
int main() { return 0; }
Performing C++ SOURCE FILE Test COMPILER_SUPPORT_Wlogicalop succeeded with the following output:
Change Dir: /home/samar/learning/qmcode/cpp/eigen_build/CMakeFiles/CMakeTmp

Run Build Command:"/usr/bin/make" "cmTC_8b2d6/fast"
/usr/bin/make -f CMakeFiles/cmTC_8b2d6.dir/build.make CMakeFiles/cmTC_8b2d6.dir/build
make[1]: Entering directory `/home/samar/learning/qmcode/cpp/eigen_build/CMakeFiles/CMakeTmp'
Building CXX object CMakeFiles/cmTC_8b2d6.dir/src.cxx.o
/usr/bin/c++     -pedantic -Wall -Wextra -Wundef -Wcast-align -Wchar-subscripts -Wnon-virtual-dtor -Wunused-local-typedefs -Wpointer-arith -Wwrite-strings -Wformat-security -DCOMPILER_SUPPORT_Wlogicalop -Werror   -Wlogical-op -o CMakeFiles/cmTC_8b2d6.dir/src.cxx.o -c /home/samar/learning/qmcode/cpp/eigen_build/CMakeFiles/CMakeTmp/src.cxx
Linking CXX executable cmTC_8b2d6
/usr/bin/cmake -E cmake_link_script CMakeFiles/cmTC_8b2d6.dir/link.txt --verbose=1
/usr/bin/c++    -pedantic -Wall -Wextra -Wundef -Wcast-align -Wchar-subscripts -Wnon-virtual-dtor -Wunused-local-typedefs -Wpointer-arith -Wwrite-strings -Wformat-security -DCOMPILER_SUPPORT_Wlogicalop -Werror    CMakeFiles/cmTC_8b2d6.dir/src.cxx.o  -o cmTC_8b2d6 -rdynamic 
make[1]: Leaving directory `/home/samar/learning/qmcode/cpp/eigen_build/CMakeFiles/CMakeTmp'

Source file was:
int main() { return 0; }
Performing C++ SOURCE FILE Test COMPILER_SUPPORT_Wdoublepromotion succeeded with the following output:
Change Dir: /home/samar/learning/qmcode/cpp/eigen_build/CMakeFiles/CMakeTmp

Run Build Command:"/usr/bin/make" "cmTC_94359/fast"
/usr/bin/make -f CMakeFiles/cmTC_94359.dir/build.make CMakeFiles/cmTC_94359.dir/build
make[1]: Entering directory `/home/samar/learning/qmcode/cpp/eigen_build/CMakeFiles/CMakeTmp'
Building CXX object CMakeFiles/cmTC_94359.dir/src.cxx.o
/usr/bin/c++     -pedantic -Wall -Wextra -Wundef -Wcast-align -Wchar-subscripts -Wnon-virtual-dtor -Wunused-local-typedefs -Wpointer-arith -Wwrite-strings -Wformat-security -Wlogical-op -DCOMPILER_SUPPORT_Wdoublepromotion -Werror   -Wdouble-promotion -o CMakeFiles/cmTC_94359.dir/src.cxx.o -c /home/samar/learning/qmcode/cpp/eigen_build/CMakeFiles/CMakeTmp/src.cxx
Linking CXX executable cmTC_94359
/usr/bin/cmake -E cmake_link_script CMakeFiles/cmTC_94359.dir/link.txt --verbose=1
/usr/bin/c++    -pedantic -Wall -Wextra -Wundef -Wcast-align -Wchar-subscripts -Wnon-virtual-dtor -Wunused-local-typedefs -Wpointer-arith -Wwrite-strings -Wformat-security -Wlogical-op -DCOMPILER_SUPPORT_Wdoublepromotion -Werror    CMakeFiles/cmTC_94359.dir/src.cxx.o  -o cmTC_94359 -rdynamic 
make[1]: Leaving directory `/home/samar/learning/qmcode/cpp/eigen_build/CMakeFiles/CMakeTmp'

Source file was:
int main() { return 0; }
Performing C++ SOURCE FILE Test COMPILER_SUPPORT_Wshadow succeeded with the following output:
Change Dir: /home/samar/learning/qmcode/cpp/eigen_build/CMakeFiles/CMakeTmp

Run Build Command:"/usr/bin/make" "cmTC_8bfcc/fast"
/usr/bin/make -f CMakeFiles/cmTC_8bfcc.dir/build.make CMakeFiles/cmTC_8bfcc.dir/build
make[1]: Entering directory `/home/samar/learning/qmcode/cpp/eigen_build/CMakeFiles/CMakeTmp'
Building CXX object CMakeFiles/cmTC_8bfcc.dir/src.cxx.o
/usr/bin/c++     -pedantic -Wall -Wextra -Wundef -Wcast-align -Wchar-subscripts -Wnon-virtual-dtor -Wunused-local-typedefs -Wpointer-arith -Wwrite-strings -Wformat-security -Wlogical-op -Wdouble-promotion -DCOMPILER_SUPPORT_Wshadow -Werror   -Wshadow -o CMakeFiles/cmTC_8bfcc.dir/src.cxx.o -c /home/samar/learning/qmcode/cpp/eigen_build/CMakeFiles/CMakeTmp/src.cxx
Linking CXX executable cmTC_8bfcc
/usr/bin/cmake -E cmake_link_script CMakeFiles/cmTC_8bfcc.dir/link.txt --verbose=1
/usr/bin/c++    -pedantic -Wall -Wextra -Wundef -Wcast-align -Wchar-subscripts -Wnon-virtual-dtor -Wunused-local-typedefs -Wpointer-arith -Wwrite-strings -Wformat-security -Wlogical-op -Wdouble-promotion -DCOMPILER_SUPPORT_Wshadow -Werror    CMakeFiles/cmTC_8bfcc.dir/src.cxx.o  -o cmTC_8bfcc -rdynamic 
make[1]: Leaving directory `/home/samar/learning/qmcode/cpp/eigen_build/CMakeFiles/CMakeTmp'

Source file was:
int main() { return 0; }
Performing C++ SOURCE FILE Test COMPILER_SUPPORT_Wnopsabi succeeded with the following output:
Change Dir: /home/samar/learning/qmcode/cpp/eigen_build/CMakeFiles/CMakeTmp

Run Build Command:"/usr/bin/make" "cmTC_bd2cd/fast"
/usr/bin/make -f CMakeFiles/cmTC_bd2cd.dir/build.make CMakeFiles/cmTC_bd2cd.dir/build
make[1]: Entering directory `/home/samar/learning/qmcode/cpp/eigen_build/CMakeFiles/CMakeTmp'
Building CXX object CMakeFiles/cmTC_bd2cd.dir/src.cxx.o
/usr/bin/c++     -pedantic -Wall -Wextra -Wundef -Wcast-align -Wchar-subscripts -Wnon-virtual-dtor -Wunused-local-typedefs -Wpointer-arith -Wwrite-strings -Wformat-security -Wlogical-op -Wdouble-promotion -Wshadow -DCOMPILER_SUPPORT_Wnopsabi -Werror   -Wno-psabi -o CMakeFiles/cmTC_bd2cd.dir/src.cxx.o -c /home/samar/learning/qmcode/cpp/eigen_build/CMakeFiles/CMakeTmp/src.cxx
Linking CXX executable cmTC_bd2cd
/usr/bin/cmake -E cmake_link_script CMakeFiles/cmTC_bd2cd.dir/link.txt --verbose=1
/usr/bin/c++    -pedantic -Wall -Wextra -Wundef -Wcast-align -Wchar-subscripts -Wnon-virtual-dtor -Wunused-local-typedefs -Wpointer-arith -Wwrite-strings -Wformat-security -Wlogical-op -Wdouble-promotion -Wshadow -DCOMPILER_SUPPORT_Wnopsabi -Werror    CMakeFiles/cmTC_bd2cd.dir/src.cxx.o  -o cmTC_bd2cd -rdynamic 
make[1]: Leaving directory `/home/samar/learning/qmcode/cpp/eigen_build/CMakeFiles/CMakeTmp'

Source file was:
int main() { return 0; }
Performing C++ SOURCE FILE Test COMPILER_SUPPORT_Wnovariadicmacros succeeded with the following output:
Change Dir: /home/samar/learning/qmcode/cpp/eigen_build/CMakeFiles/CMakeTmp

Run Build Command:"/usr/bin/make" "cmTC_30df6/fast"
/usr/bin/make -f CMakeFiles/cmTC_30df6.dir/build.make CMakeFiles/cmTC_30df6.dir/build
make[1]: Entering directory `/home/samar/learning/qmcode/cpp/eigen_build/CMakeFiles/CMakeTmp'
Building CXX object CMakeFiles/cmTC_30df6.dir/src.cxx.o
/usr/bin/c++     -pedantic -Wall -Wextra -Wundef -Wcast-align -Wchar-subscripts -Wnon-virtual-dtor -Wunused-local-typedefs -Wpointer-arith -Wwrite-strings -Wformat-security -Wlogical-op -Wdouble-promotion -Wshadow -Wno-psabi -DCOMPILER_SUPPORT_Wnovariadicmacros -Werror   -Wno-variadic-macros -o CMakeFiles/cmTC_30df6.dir/src.cxx.o -c /home/samar/learning/qmcode/cpp/eigen_build/CMakeFiles/CMakeTmp/src.cxx
Linking CXX executable cmTC_30df6
/usr/bin/cmake -E cmake_link_script CMakeFiles/cmTC_30df6.dir/link.txt --verbose=1
/usr/bin/c++    -pedantic -Wall -Wextra -Wundef -Wcast-align -Wchar-subscripts -Wnon-virtual-dtor -Wunused-local-typedefs -Wpointer-arith -Wwrite-strings -Wformat-security -Wlogical-op -Wdouble-promotion -Wshadow -Wno-psabi -DCOMPILER_SUPPORT_Wnovariadicmacros -Werror    CMakeFiles/cmTC_30df6.dir/src.cxx.o  -o cmTC_30df6 -rdynamic 
make[1]: Leaving directory `/home/samar/learning/qmcode/cpp/eigen_build/CMakeFiles/CMakeTmp'

Source file was:
int main() { return 0; }
Performing C++ SOURCE FILE Test COMPILER_SUPPORT_Wnolonglong succeeded with the following output:
Change Dir: /home/samar/learning/qmcode/cpp/eigen_build/CMakeFiles/CMakeTmp

Run Build Command:"/usr/bin/make" "cmTC_81753/fast"
/usr/bin/make -f CMakeFiles/cmTC_81753.dir/build.make CMakeFiles/cmTC_81753.dir/build
make[1]: Entering directory `/home/samar/learning/qmcode/cpp/eigen_build/CMakeFiles/CMakeTmp'
Building CXX object CMakeFiles/cmTC_81753.dir/src.cxx.o
/usr/bin/c++     -pedantic -Wall -Wextra -Wundef -Wcast-align -Wchar-subscripts -Wnon-virtual-dtor -Wunused-local-typedefs -Wpointer-arith -Wwrite-strings -Wformat-security -Wlogical-op -Wdouble-promotion -Wshadow -Wno-psabi -Wno-variadic-macros -DCOMPILER_SUPPORT_Wnolonglong -Werror   -Wno-long-long -o CMakeFiles/cmTC_81753.dir/src.cxx.o -c /home/samar/learning/qmcode/cpp/eigen_build/CMakeFiles/CMakeTmp/src.cxx
Linking CXX executable cmTC_81753
/usr/bin/cmake -E cmake_link_script CMakeFiles/cmTC_81753.dir/link.txt --verbose=1
/usr/bin/c++    -pedantic -Wall -Wextra -Wundef -Wcast-align -Wchar-subscripts -Wnon-virtual-dtor -Wunused-local-typedefs -Wpointer-arith -Wwrite-strings -Wformat-security -Wlogical-op -Wdouble-promotion -Wshadow -Wno-psabi -Wno-variadic-macros -DCOMPILER_SUPPORT_Wnolonglong -Werror    CMakeFiles/cmTC_81753.dir/src.cxx.o  -o cmTC_81753 -rdynamic 
make[1]: Leaving directory `/home/samar/learning/qmcode/cpp/eigen_build/CMakeFiles/CMakeTmp'

Source file was:
int main() { return 0; }
Performing C++ SOURCE FILE Test COMPILER_SUPPORT_fnochecknew succeeded with the following output:
Change Dir: /home/samar/learning/qmcode/cpp/eigen_build/CMakeFiles/CMakeTmp

Run Build Command:"/usr/bin/make" "cmTC_071f8/fast"
/usr/bin/make -f CMakeFiles/cmTC_071f8.dir/build.make CMakeFiles/cmTC_071f8.dir/build
make[1]: Entering directory `/home/samar/learning/qmcode/cpp/eigen_build/CMakeFiles/CMakeTmp'
Building CXX object CMakeFiles/cmTC_071f8.dir/src.cxx.o
/usr/bin/c++     -pedantic -Wall -Wextra -Wundef -Wcast-align -Wchar-subscripts -Wnon-virtual-dtor -Wunused-local-typedefs -Wpointer-arith -Wwrite-strings -Wformat-security -Wlogical-op -Wdouble-promotion -Wshadow -Wno-psabi -Wno-variadic-macros -Wno-long-long -DCOMPILER_SUPPORT_fnochecknew -Werror   -fno-check-new -o CMakeFiles/cmTC_071f8.dir/src.cxx.o -c /home/samar/learning/qmcode/cpp/eigen_build/CMakeFiles/CMakeTmp/src.cxx
Linking CXX executable cmTC_071f8
/usr/bin/cmake -E cmake_link_script CMakeFiles/cmTC_071f8.dir/link.txt --verbose=1
/usr/bin/c++    -pedantic -Wall -Wextra -Wundef -Wcast-align -Wchar-subscripts -Wnon-virtual-dtor -Wunused-local-typedefs -Wpointer-arith -Wwrite-strings -Wformat-security -Wlogical-op -Wdouble-promotion -Wshadow -Wno-psabi -Wno-variadic-macros -Wno-long-long -DCOMPILER_SUPPORT_fnochecknew -Werror    CMakeFiles/cmTC_071f8.dir/src.cxx.o  -o cmTC_071f8 -rdynamic 
make[1]: Leaving directory `/home/samar/learning/qmcode/cpp/eigen_build/CMakeFiles/CMakeTmp'

Source file was:
int main() { return 0; }
Performing C++ SOURCE FILE Test COMPILER_SUPPORT_fnocommon succeeded with the following output:
Change Dir: /home/samar/learning/qmcode/cpp/eigen_build/CMakeFiles/CMakeTmp

Run Build Command:"/usr/bin/make" "cmTC_017d9/fast"
/usr/bin/make -f CMakeFiles/cmTC_017d9.dir/build.make CMakeFiles/cmTC_017d9.dir/build
make[1]: Entering directory `/home/samar/learning/qmcode/cpp/eigen_build/CMakeFiles/CMakeTmp'
Building CXX object CMakeFiles/cmTC_017d9.dir/src.cxx.o
/usr/bin/c++     -pedantic -Wall -Wextra -Wundef -Wcast-align -Wchar-subscripts -Wnon-virtual-dtor -Wunused-local-typedefs -Wpointer-arith -Wwrite-strings -Wformat-security -Wlogical-op -Wdouble-promotion -Wshadow -Wno-psabi -Wno-variadic-macros -Wno-long-long -fno-check-new -DCOMPILER_SUPPORT_fnocommon -Werror   -fno-common -o CMakeFiles/cmTC_017d9.dir/src.cxx.o -c /home/samar/learning/qmcode/cpp/eigen_build/CMakeFiles/CMakeTmp/src.cxx
Linking CXX executable cmTC_017d9
/usr/bin/cmake -E cmake_link_script CMakeFiles/cmTC_017d9.dir/link.txt --verbose=1
/usr/bin/c++    -pedantic -Wall -Wextra -Wundef -Wcast-align -Wchar-subscripts -Wnon-virtual-dtor -Wunused-local-typedefs -Wpointer-arith -Wwrite-strings -Wformat-security -Wlogical-op -Wdouble-promotion -Wshadow -Wno-psabi -Wno-variadic-macros -Wno-long-long -fno-check-new -DCOMPILER_SUPPORT_fnocommon -Werror    CMakeFiles/cmTC_017d9.dir/src.cxx.o  -o cmTC_017d9 -rdynamic 
make[1]: Leaving directory `/home/samar/learning/qmcode/cpp/eigen_build/CMakeFiles/CMakeTmp'

Source file was:
int main() { return 0; }
Performing C++ SOURCE FILE Test COMPILER_SUPPORT_fstrictaliasing succeeded with the following output:
Change Dir: /home/samar/learning/qmcode/cpp/eigen_build/CMakeFiles/CMakeTmp

Run Build Command:"/usr/bin/make" "cmTC_d801c/fast"
/usr/bin/make -f CMakeFiles/cmTC_d801c.dir/build.make CMakeFiles/cmTC_d801c.dir/build
make[1]: Entering directory `/home/samar/learning/qmcode/cpp/eigen_build/CMakeFiles/CMakeTmp'
Building CXX object CMakeFiles/cmTC_d801c.dir/src.cxx.o
/usr/bin/c++     -pedantic -Wall -Wextra -Wundef -Wcast-align -Wchar-subscripts -Wnon-virtual-dtor -Wunused-local-typedefs -Wpointer-arith -Wwrite-strings -Wformat-security -Wlogical-op -Wdouble-promotion -Wshadow -Wno-psabi -Wno-variadic-macros -Wno-long-long -fno-check-new -fno-common -DCOMPILER_SUPPORT_fstrictaliasing -Werror   -fstrict-aliasing -o CMakeFiles/cmTC_d801c.dir/src.cxx.o -c /home/samar/learning/qmcode/cpp/eigen_build/CMakeFiles/CMakeTmp/src.cxx
Linking CXX executable cmTC_d801c
/usr/bin/cmake -E cmake_link_script CMakeFiles/cmTC_d801c.dir/link.txt --verbose=1
/usr/bin/c++    -pedantic -Wall -Wextra -Wundef -Wcast-align -Wchar-subscripts -Wnon-virtual-dtor -Wunused-local-typedefs -Wpointer-arith -Wwrite-strings -Wformat-security -Wlogical-op -Wdouble-promotion -Wshadow -Wno-psabi -Wno-variadic-macros -Wno-long-long -fno-check-new -fno-common -DCOMPILER_SUPPORT_fstrictaliasing -Werror    CMakeFiles/cmTC_d801c.dir/src.cxx.o  -o cmTC_d801c -rdynamic 
make[1]: Leaving directory `/home/samar/learning/qmcode/cpp/eigen_build/CMakeFiles/CMakeTmp'

Source file was:
int main() { return 0; }
Performing C++ SOURCE FILE Test COMPILER_SUPPORT_ansi succeeded with the following output:
Change Dir: /home/samar/learning/qmcode/cpp/eigen_build/CMakeFiles/CMakeTmp

Run Build Command:"/usr/bin/make" "cmTC_82e1e/fast"
/usr/bin/make -f CMakeFiles/cmTC_82e1e.dir/build.make CMakeFiles/cmTC_82e1e.dir/build
make[1]: Entering directory `/home/samar/learning/qmcode/cpp/eigen_build/CMakeFiles/CMakeTmp'
Building CXX object CMakeFiles/cmTC_82e1e.dir/src.cxx.o
/usr/bin/c++     -pedantic -Wall -Wextra -Wundef -Wcast-align -Wchar-subscripts -Wnon-virtual-dtor -Wunused-local-typedefs -Wpointer-arith -Wwrite-strings -Wformat-security -Wlogical-op -Wdouble-promotion -Wshadow -Wno-psabi -Wno-variadic-macros -Wno-long-long -fno-check-new -fno-common -fstrict-aliasing -DCOMPILER_SUPPORT_ansi -Werror   -ansi -o CMakeFiles/cmTC_82e1e.dir/src.cxx.o -c /home/samar/learning/qmcode/cpp/eigen_build/CMakeFiles/CMakeTmp/src.cxx
Linking CXX executable cmTC_82e1e
/usr/bin/cmake -E cmake_link_script CMakeFiles/cmTC_82e1e.dir/link.txt --verbose=1
/usr/bin/c++    -pedantic -Wall -Wextra -Wundef -Wcast-align -Wchar-subscripts -Wnon-virtual-dtor -Wunused-local-typedefs -Wpointer-arith -Wwrite-strings -Wformat-security -Wlogical-op -Wdouble-promotion -Wshadow -Wno-psabi -Wno-variadic-macros -Wno-long-long -fno-check-new -fno-common -fstrict-aliasing -DCOMPILER_SUPPORT_ansi -Werror    CMakeFiles/cmTC_82e1e.dir/src.cxx.o  -o cmTC_82e1e -rdynamic 
make[1]: Leaving directory `/home/samar/learning/qmcode/cpp/eigen_build/CMakeFiles/CMakeTmp'

Source file was:
int main() { return 0; }
Performing C++ SOURCE FILE Test COMPILER_SUPPORT_OPENMP succeeded with the following output:
Change Dir: /home/samar/learning/qmcode/cpp/eigen_build/CMakeFiles/CMakeTmp

Run Build Command:"/usr/bin/make" "cmTC_72ab1/fast"
/usr/bin/make -f CMakeFiles/cmTC_72ab1.dir/build.make CMakeFiles/cmTC_72ab1.dir/build
make[1]: Entering directory `/home/samar/learning/qmcode/cpp/eigen_build/CMakeFiles/CMakeTmp'
Building CXX object CMakeFiles/cmTC_72ab1.dir/src.cxx.o
/usr/bin/c++     -pedantic -Wall -Wextra -Wundef -Wcast-align -Wchar-subscripts -Wnon-virtual-dtor -Wunused-local-typedefs -Wpointer-arith -Wwrite-strings -Wformat-security -Wlogical-op -Wdouble-promotion -Wshadow -Wno-psabi -Wno-variadic-macros -Wno-long-long -fno-check-new -fno-common -fstrict-aliasing -ansi -DCOMPILER_SUPPORT_OPENMP   -fopenmp -o CMakeFiles/cmTC_72ab1.dir/src.cxx.o -c /home/samar/learning/qmcode/cpp/eigen_build/CMakeFiles/CMakeTmp/src.cxx
Linking CXX executable cmTC_72ab1
/usr/bin/cmake -E cmake_link_script CMakeFiles/cmTC_72ab1.dir/link.txt --verbose=1
/usr/bin/c++    -pedantic -Wall -Wextra -Wundef -Wcast-align -Wchar-subscripts -Wnon-virtual-dtor -Wunused-local-typedefs -Wpointer-arith -Wwrite-strings -Wformat-security -Wlogical-op -Wdouble-promotion -Wshadow -Wno-psabi -Wno-variadic-macros -Wno-long-long -fno-check-new -fno-common -fstrict-aliasing -ansi -DCOMPILER_SUPPORT_OPENMP    CMakeFiles/cmTC_72ab1.dir/src.cxx.o  -o cmTC_72ab1 -rdynamic 
make[1]: Leaving directory `/home/samar/learning/qmcode/cpp/eigen_build/CMakeFiles/CMakeTmp'

Source file was:
int main() { return 0; }
Performing C++ SOURCE FILE Test EIGEN_COMPILER_SUPPORT_CPP11 succeeded with the following output:
Change Dir: /home/samar/learning/qmcode/cpp/eigen_build/CMakeFiles/CMakeTmp

Run Build Command:"/usr/bin/make" "cmTC_34e1a/fast"
/usr/bin/make -f CMakeFiles/cmTC_34e1a.dir/build.make CMakeFiles/cmTC_34e1a.dir/build
make[1]: Entering directory `/home/samar/learning/qmcode/cpp/eigen_build/CMakeFiles/CMakeTmp'
Building CXX object CMakeFiles/cmTC_34e1a.dir/src.cxx.o
/usr/bin/c++     -pedantic -Wall -Wextra -Wundef -Wcast-align -Wchar-subscripts -Wnon-virtual-dtor -Wunused-local-typedefs -Wpointer-arith -Wwrite-strings -Wformat-security -Wlogical-op -Wdouble-promotion -Wshadow -Wno-psabi -Wno-variadic-macros -Wno-long-long -fno-check-new -fno-common -fstrict-aliasing -ansi -O1 -g1 -DEIGEN_COMPILER_SUPPORT_CPP11   -std=c++11 -o CMakeFiles/cmTC_34e1a.dir/src.cxx.o -c /home/samar/learning/qmcode/cpp/eigen_build/CMakeFiles/CMakeTmp/src.cxx
Linking CXX executable cmTC_34e1a
/usr/bin/cmake -E cmake_link_script CMakeFiles/cmTC_34e1a.dir/link.txt --verbose=1
/usr/bin/c++    -pedantic -Wall -Wextra -Wundef -Wcast-align -Wchar-subscripts -Wnon-virtual-dtor -Wunused-local-typedefs -Wpointer-arith -Wwrite-strings -Wformat-security -Wlogical-op -Wdouble-promotion -Wshadow -Wno-psabi -Wno-variadic-macros -Wno-long-long -fno-check-new -fno-common -fstrict-aliasing -ansi -O1 -g1 -DEIGEN_COMPILER_SUPPORT_CPP11    CMakeFiles/cmTC_34e1a.dir/src.cxx.o  -o cmTC_34e1a -rdynamic 
make[1]: Leaving directory `/home/samar/learning/qmcode/cpp/eigen_build/CMakeFiles/CMakeTmp'

Source file was:
int main() { return 0; }
Determining if the Q_WS_X11 exist passed with the following output:
Change Dir: /home/samar/learning/qmcode/cpp/eigen_build/CMakeFiles/CMakeTmp

Run Build Command:"/usr/bin/make" "cmTC_5769f/fast"
/usr/bin/make -f CMakeFiles/cmTC_5769f.dir/build.make CMakeFiles/cmTC_5769f.dir/build
make[1]: Entering directory `/home/samar/learning/qmcode/cpp/eigen_build/CMakeFiles/CMakeTmp'
Building CXX object CMakeFiles/cmTC_5769f.dir/CheckSymbolExists.cxx.o
/usr/bin/c++    -I/usr/include/qt4  -pedantic -Wall -Wextra -Wundef -Wcast-align -Wchar-subscripts -Wnon-virtual-dtor -Wunused-local-typedefs -Wpointer-arith -Wwrite-strings -Wformat-security -Wlogical-op -Wdouble-promotion -Wshadow -Wno-psabi -Wno-variadic-macros -Wno-long-long -fno-check-new -fno-common -fstrict-aliasing -ansi -O1 -g1    -o CMakeFiles/cmTC_5769f.dir/CheckSymbolExists.cxx.o -c /home/samar/learning/qmcode/cpp/eigen_build/CMakeFiles/CMakeTmp/CheckSymbolExists.cxx
Linking CXX executable cmTC_5769f
/usr/bin/cmake -E cmake_link_script CMakeFiles/cmTC_5769f.dir/link.txt --verbose=1
/usr/bin/c++    -pedantic -Wall -Wextra -Wundef -Wcast-align -Wchar-subscripts -Wnon-virtual-dtor -Wunused-local-typedefs -Wpointer-arith -Wwrite-strings -Wformat-security -Wlogical-op -Wdouble-promotion -Wshadow -Wno-psabi -Wno-variadic-macros -Wno-long-long -fno-check-new -fno-common -fstrict-aliasing -ansi -O1 -g1     CMakeFiles/cmTC_5769f.dir/CheckSymbolExists.cxx.o  -o cmTC_5769f -rdynamic 
make[1]: Leaving directory `/home/samar/learning/qmcode/cpp/eigen_build/CMakeFiles/CMakeTmp'

File /home/samar/learning/qmcode/cpp/eigen_build/CMakeFiles/CMakeTmp/CheckSymbolExists.cxx:
/* */
#include <QtCore/qglobal.h>

int main(int argc, char** argv)
{
  (void)argv;
#ifndef Q_WS_X11
  return ((int*)(&Q_WS_X11))[argc];
#else
  (void)argc;
  return 0;
#endif
}

Performing C++ SOURCE FILE Test EIGEN_COMPILER_SUPPORT_CXX11 succeeded with the following output:
Change Dir: /home/samar/learning/qmcode/cpp/eigen_build/CMakeFiles/CMakeTmp

Run Build Command:"/usr/bin/make" "cmTC_9d1ac/fast"
/usr/bin/make -f CMakeFiles/cmTC_9d1ac.dir/build.make CMakeFiles/cmTC_9d1ac.dir/build
make[1]: Entering directory `/home/samar/learning/qmcode/cpp/eigen_build/CMakeFiles/CMakeTmp'
Building CXX object CMakeFiles/cmTC_9d1ac.dir/src.cxx.o
/usr/bin/c++     -pedantic -Wall -Wextra -Wundef -Wcast-align -Wchar-subscripts -Wnon-virtual-dtor -Wunused-local-typedefs -Wpointer-arith -Wwrite-strings -Wformat-security -Wlogical-op -Wdouble-promotion -Wshadow -Wno-psabi -Wno-variadic-macros -Wno-long-long -fno-check-new -fno-common -fstrict-aliasing -ansi -DEIGEN_COMPILER_SUPPORT_CXX11   -std=c++11 -o CMakeFiles/cmTC_9d1ac.dir/src.cxx.o -c /home/samar/learning/qmcode/cpp/eigen_build/CMakeFiles/CMakeTmp/src.cxx
Linking CXX executable cmTC_9d1ac
/usr/bin/cmake -E cmake_link_script CMakeFiles/cmTC_9d1ac.dir/link.txt --verbose=1
/usr/bin/c++    -pedantic -Wall -Wextra -Wundef -Wcast-align -Wchar-subscripts -Wnon-virtual-dtor -Wunused-local-typedefs -Wpointer-arith -Wwrite-strings -Wformat-security -Wlogical-op -Wdouble-promotion -Wshadow -Wno-psabi -Wno-variadic-macros -Wno-long-long -fno-check-new -fno-common -fstrict-aliasing -ansi -DEIGEN_COMPILER_SUPPORT_CXX11    CMakeFiles/cmTC_9d1ac.dir/src.cxx.o  -o cmTC_9d1ac -rdynamic 
make[1]: Leaving directory `/home/samar/learning/qmcode/cpp/eigen_build/CMakeFiles/CMakeTmp'

Source file was:
int main() { return 0; }
Compiling the Fortran compiler identification source file "CMakeFortranCompilerId.F" succeeded.
Compiler: /usr/bin/gfortran 
Build flags: 
Id flags: -v

The output was:
0
Driving: /usr/bin/gfortran -v CMakeFortranCompilerId.F -l gfortran -l m -shared-libgcc
Using built-in specs.
COLLECT_GCC=/usr/bin/gfortran
COLLECT_LTO_WRAPPER=/usr/lib/gcc/x86_64-linux-gnu/4.8/lto-wrapper
Target: x86_64-linux-gnu
Configured with: ../src/configure -v --with-pkgversion='Ubuntu 4.8.4-2ubuntu1~14.04.3' --with-bugurl=file:///usr/share/doc/gcc-4.8/README.Bugs --enable-languages=c,c++,java,go,d,fortran,objc,obj-c++ --prefix=/usr --program-suffix=-4.8 --enable-shared --enable-linker-build-id --libexecdir=/usr/lib --without-included-gettext --enable-threads=posix --with-gxx-include-dir=/usr/include/c++/4.8 --libdir=/usr/lib --enable-nls --with-sysroot=/ --enable-clocale=gnu --enable-libstdcxx-debug --enable-libstdcxx-time=yes --enable-gnu-unique-object --disable-libmudflap --enable-plugin --with-system-zlib --disable-browser-plugin --enable-java-awt=gtk --enable-gtk-cairo --with-java-home=/usr/lib/jvm/java-1.5.0-gcj-4.8-amd64/jre --enable-java-home --with-jvm-root-dir=/usr/lib/jvm/java-1.5.0-gcj-4.8-amd64 --with-jvm-jar-dir=/usr/lib/jvm-exports/java-1.5.0-gcj-4.8-amd64 --with-arch-directory=amd64 --with-ecj-jar=/usr/share/java/eclipse-ecj.jar --enable-objc-gc --enable-multiarch --disable-werror --with-arch-32=i686 --with-abi=m64 --with-multilib-list=m32,m64,mx32 --with-tune=generic --enable-checking=release --build=x86_64-linux-gnu --host=x86_64-linux-gnu --target=x86_64-linux-gnu
Thread model: posix
gcc version 4.8.4 (Ubuntu 4.8.4-2ubuntu1~14.04.3) 
COLLECT_GCC_OPTIONS='-v' '-shared-libgcc' '-mtune=generic' '-march=x86-64'
 /usr/lib/gcc/x86_64-linux-gnu/4.8/f951 CMakeFortranCompilerId.F -ffixed-form -cpp=/tmp/ccJjoqKM.f90 -quiet -v -imultiarch x86_64-linux-gnu CMakeFortranCompilerId.F -quiet -dumpbase CMakeFortranCompilerId.F -mtune=generic -march=x86-64 -auxbase CMakeFortranCompilerId -version -fintrinsic-modules-path /usr/lib/gcc/x86_64-linux-gnu/4.8/finclude -o /tmp/ccivpXvR.s
GNU Fortran (Ubuntu 4.8.4-2ubuntu1~14.04.3) version 4.8.4 (x86_64-linux-gnu)
	compiled by GNU C version 4.8.4, GMP version 5.1.3, MPFR version 3.1.2-p3, MPC version 1.0.1
warning: MPFR header version 3.1.2-p3 differs from library version 3.1.3.
GGC heuristics: --param ggc-min-expand=100 --param ggc-min-heapsize=131072
ignoring nonexistent directory "/usr/local/include/x86_64-linux-gnu"
ignoring nonexistent directory "/usr/lib/gcc/x86_64-linux-gnu/4.8/../../../../x86_64-linux-gnu/include"
#include "..." search starts here:
#include <...> search starts here:
 /usr/lib/gcc/x86_64-linux-gnu/4.8/finclude
 /usr/lib/gcc/x86_64-linux-gnu/4.8/include
 /usr/local/include
 /usr/lib/gcc/x86_64-linux-gnu/4.8/include-fixed
 /usr/include/x86_64-linux-gnu
 /usr/include
End of search list.
GNU Fortran (Ubuntu 4.8.4-2ubuntu1~14.04.3) version 4.8.4 (x86_64-linux-gnu)
	compiled by GNU C version 4.8.4, GMP version 5.1.3, MPFR version 3.1.2-p3, MPC version 1.0.1
warning: MPFR header version 3.1.2-p3 differs from library version 3.1.3.
GGC heuristics: --param ggc-min-expand=100 --param ggc-min-heapsize=131072
COLLECT_GCC_OPTIONS='-v' '-shared-libgcc' '-mtune=generic' '-march=x86-64'
 as -v --64 -o /tmp/cckDA3lW.o /tmp/ccivpXvR.s
GNU assembler version 2.24 (x86_64-linux-gnu) using BFD version (GNU Binutils for Ubuntu) 2.24
Reading specs from /usr/lib/gcc/x86_64-linux-gnu/4.8/libgfortran.spec
rename spec lib to liborig
COLLECT_GCC_OPTIONS='-v' '-shared-libgcc' '-mtune=generic' '-march=x86-64'
COMPILER_PATH=/usr/lib/gcc/x86_64-linux-gnu/4.8/:/usr/lib/gcc/x86_64-linux-gnu/4.8/:/usr/lib/gcc/x86_64-linux-gnu/:/usr/lib/gcc/x86_64-linux-gnu/4.8/:/usr/lib/gcc/x86_64-linux-gnu/
LIBRARY_PATH=/usr/lib/gcc/x86_64-linux-gnu/4.8/:/usr/lib/gcc/x86_64-linux-gnu/4.8/../../../x86_64-linux-gnu/:/usr/lib/gcc/x86_64-linux-gnu/4.8/../../../../lib/:/lib/x86_64-linux-gnu/:/lib/../lib/:/usr/lib/x86_64-linux-gnu/:/usr/lib/../lib/:/usr/lib/gcc/x86_64-linux-gnu/4.8/../../../:/lib/:/usr/lib/
COLLECT_GCC_OPTIONS='-v' '-shared-libgcc' '-mtune=generic' '-march=x86-64'
 /usr/lib/gcc/x86_64-linux-gnu/4.8/collect2 --sysroot=/ --build-id --eh-frame-hdr -m elf_x86_64 --hash-style=gnu --as-needed -dynamic-linker /lib64/ld-linux-x86-64.so.2 -z relro /usr/lib/gcc/x86_64-linux-gnu/4.8/../../../x86_64-linux-gnu/crt1.o /usr/lib/gcc/x86_64-linux-gnu/4.8/../../../x86_64-linux-gnu/crti.o /usr/lib/gcc/x86_64-linux-gnu/4.8/crtbegin.o -L/usr/lib/gcc/x86_64-linux-gnu/4.8 -L/usr/lib/gcc/x86_64-linux-gnu/4.8/../../../x86_64-linux-gnu -L/usr/lib/gcc/x86_64-linux-gnu/4.8/../../../../lib -L/lib/x86_64-linux-gnu -L/lib/../lib -L/usr/lib/x86_64-linux-gnu -L/usr/lib/../lib -L/usr/lib/gcc/x86_64-linux-gnu/4.8/../../.. /tmp/cckDA3lW.o -lgfortran -lm -lgcc_s -lgcc -lquadmath -lm -lgcc_s -lgcc -lc -lgcc_s -lgcc /usr/lib/gcc/x86_64-linux-gnu/4.8/crtend.o /usr/lib/gcc/x86_64-linux-gnu/4.8/../../../x86_64-linux-gnu/crtn.o


Compilation of the Fortran compiler identification source "CMakeFortranCompilerId.F" produced "a.out"

The Fortran compiler identification is GNU, found in "/home/samar/learning/qmcode/cpp/eigen_build/CMakeFiles/3.5.1/CompilerIdFortran/a.out"

Determining if the Fortran compiler works passed with the following output:
Change Dir: /home/samar/learning/qmcode/cpp/eigen_build/CMakeFiles/CMakeTmp

Run Build Command:"/usr/bin/make" "cmTC_468b3/fast"
/usr/bin/make -f CMakeFiles/cmTC_468b3.dir/build.make CMakeFiles/cmTC_468b3.dir/build
make[1]: Entering directory `/home/samar/learning/qmcode/cpp/eigen_build/CMakeFiles/CMakeTmp'
Building Fortran object CMakeFiles/cmTC_468b3.dir/testFortranCompiler.f.o
/usr/bin/gfortran     -c /home/samar/learning/qmcode/cpp/eigen_build/CMakeFiles/CMakeTmp/testFortranCompiler.f -o CMakeFiles/cmTC_468b3.dir/testFortranCompiler.f.o
Linking Fortran executable cmTC_468b3
/usr/bin/cmake -E cmake_link_script CMakeFiles/cmTC_468b3.dir/link.txt --verbose=1
/usr/bin/gfortran       CMakeFiles/cmTC_468b3.dir/testFortranCompiler.f.o  -o cmTC_468b3  
make[1]: Leaving directory `/home/samar/learning/qmcode/cpp/eigen_build/CMakeFiles/CMakeTmp'


Detecting Fortran compiler ABI info compiled with the following output:
Change Dir: /home/samar/learning/qmcode/cpp/eigen_build/CMakeFiles/CMakeTmp

Run Build Command:"/usr/bin/make" "cmTC_a6eb2/fast"
/usr/bin/make -f CMakeFiles/cmTC_a6eb2.dir/build.make CMakeFiles/cmTC_a6eb2.dir/build
make[1]: Entering directory `/home/samar/learning/qmcode/cpp/eigen_build/CMakeFiles/CMakeTmp'
Building Fortran object CMakeFiles/cmTC_a6eb2.dir/CMakeFortranCompilerABI.F.o
/usr/bin/gfortran     -c /usr/share/cmake-3.5/Modules/CMakeFortranCompilerABI.F -o CMakeFiles/cmTC_a6eb2.dir/CMakeFortranCompilerABI.F.o
Linking Fortran executable cmTC_a6eb2
/usr/bin/cmake -E cmake_link_script CMakeFiles/cmTC_a6eb2.dir/link.txt --verbose=1
/usr/bin/gfortran    -v   CMakeFiles/cmTC_a6eb2.dir/CMakeFortranCompilerABI.F.o  -o cmTC_a6eb2   
Driving: /usr/bin/gfortran -v CMakeFiles/cmTC_a6eb2.dir/CMakeFortranCompilerABI.F.o -o cmTC_a6eb2 -l gfortran -l m -shared-libgcc
Using built-in specs.
COLLECT_GCC=/usr/bin/gfortran
COLLECT_LTO_WRAPPER=/usr/lib/gcc/x86_64-linux-gnu/4.8/lto-wrapper
Target: x86_64-linux-gnu
Configured with: ../src/configure -v --with-pkgversion='Ubuntu 4.8.4-2ubuntu1~14.04.3' --with-bugurl=file:///usr/share/doc/gcc-4.8/README.Bugs --enable-languages=c,c++,java,go,d,fortran,objc,obj-c++ --prefix=/usr --program-suffix=-4.8 --enable-shared --enable-linker-build-id --libexecdir=/usr/lib --without-included-gettext --enable-threads=posix --with-gxx-include-dir=/usr/include/c++/4.8 --libdir=/usr/lib --enable-nls --with-sysroot=/ --enable-clocale=gnu --enable-libstdcxx-debug --enable-libstdcxx-time=yes --enable-gnu-unique-object --disable-libmudflap --enable-plugin --with-system-zlib --disable-browser-plugin --enable-java-awt=gtk --enable-gtk-cairo --with-java-home=/usr/lib/jvm/java-1.5.0-gcj-4.8-amd64/jre --enable-java-home --with-jvm-root-dir=/usr/lib/jvm/java-1.5.0-gcj-4.8-amd64 --with-jvm-jar-dir=/usr/lib/jvm-exports/java-1.5.0-gcj-4.8-amd64 --with-arch-directory=amd64 --with-ecj-jar=/usr/share/java/eclipse-ecj.jar --enable-objc-gc --enable-multiarch --disable-werror --with-arch-32=i686 --with-abi=m64 --with-multilib-list=m32,m64,mx32 --with-tune=generic --enable-checking=release --build=x86_64-linux-gnu --host=x86_64-linux-gnu --target=x86_64-linux-gnu
Thread model: posix
gcc version 4.8.4 (Ubuntu 4.8.4-2ubuntu1~14.04.3) 
Reading specs from /usr/lib/gcc/x86_64-linux-gnu/4.8/libgfortran.spec
rename spec lib to liborig
COLLECT_GCC_OPTIONS='-v' '-o' 'cmTC_a6eb2' '-shared-libgcc' '-mtune=generic' '-march=x86-64'
COMPILER_PATH=/usr/lib/gcc/x86_64-linux-gnu/4.8/:/usr/lib/gcc/x86_64-linux-gnu/4.8/:/usr/lib/gcc/x86_64-linux-gnu/:/usr/lib/gcc/x86_64-linux-gnu/4.8/:/usr/lib/gcc/x86_64-linux-gnu/
LIBRARY_PATH=/usr/lib/gcc/x86_64-linux-gnu/4.8/:/usr/lib/gcc/x86_64-linux-gnu/4.8/../../../x86_64-linux-gnu/:/usr/lib/gcc/x86_64-linux-gnu/4.8/../../../../lib/:/lib/x86_64-linux-gnu/:/lib/../lib/:/usr/lib/x86_64-linux-gnu/:/usr/lib/../lib/:/usr/lib/gcc/x86_64-linux-gnu/4.8/../../../:/lib/:/usr/lib/
COLLECT_GCC_OPTIONS='-v' '-o' 'cmTC_a6eb2' '-shared-libgcc' '-mtune=generic' '-march=x86-64'
 /usr/lib/gcc/x86_64-linux-gnu/4.8/collect2 --sysroot=/ --build-id --eh-frame-hdr -m elf_x86_64 --hash-style=gnu --as-needed -dynamic-linker /lib64/ld-linux-x86-64.so.2 -z relro -o cmTC_a6eb2 /usr/lib/gcc/x86_64-linux-gnu/4.8/../../../x86_64-linux-gnu/crt1.o /usr/lib/gcc/x86_64-linux-gnu/4.8/../../../x86_64-linux-gnu/crti.o /usr/lib/gcc/x86_64-linux-gnu/4.8/crtbegin.o -L/usr/lib/gcc/x86_64-linux-gnu/4.8 -L/usr/lib/gcc/x86_64-linux-gnu/4.8/../../../x86_64-linux-gnu -L/usr/lib/gcc/x86_64-linux-gnu/4.8/../../../../lib -L/lib/x86_64-linux-gnu -L/lib/../lib -L/usr/lib/x86_64-linux-gnu -L/usr/lib/../lib -L/usr/lib/gcc/x86_64-linux-gnu/4.8/../../.. CMakeFiles/cmTC_a6eb2.dir/CMakeFortranCompilerABI.F.o -lgfortran -lm -lgcc_s -lgcc -lquadmath -lm -lgcc_s -lgcc -lc -lgcc_s -lgcc /usr/lib/gcc/x86_64-linux-gnu/4.8/crtend.o /usr/lib/gcc/x86_64-linux-gnu/4.8/../../../x86_64-linux-gnu/crtn.o
make[1]: Leaving directory `/home/samar/learning/qmcode/cpp/eigen_build/CMakeFiles/CMakeTmp'


Parsed Fortran implicit link information from above output:
  link line regex: [^( *|.*[/\])(ld|([^/\]+-)?ld|collect2)[^/\]*( |$)]
  ignore line: [Change Dir: /home/samar/learning/qmcode/cpp/eigen_build/CMakeFiles/CMakeTmp]
  ignore line: []
  ignore line: [Run Build Command:"/usr/bin/make" "cmTC_a6eb2/fast"]
  ignore line: [/usr/bin/make -f CMakeFiles/cmTC_a6eb2.dir/build.make CMakeFiles/cmTC_a6eb2.dir/build]
  ignore line: [make[1]: Entering directory `/home/samar/learning/qmcode/cpp/eigen_build/CMakeFiles/CMakeTmp']
  ignore line: [Building Fortran object CMakeFiles/cmTC_a6eb2.dir/CMakeFortranCompilerABI.F.o]
  ignore line: [/usr/bin/gfortran     -c /usr/share/cmake-3.5/Modules/CMakeFortranCompilerABI.F -o CMakeFiles/cmTC_a6eb2.dir/CMakeFortranCompilerABI.F.o]
  ignore line: [Linking Fortran executable cmTC_a6eb2]
  ignore line: [/usr/bin/cmake -E cmake_link_script CMakeFiles/cmTC_a6eb2.dir/link.txt --verbose=1]
  ignore line: [/usr/bin/gfortran    -v   CMakeFiles/cmTC_a6eb2.dir/CMakeFortranCompilerABI.F.o  -o cmTC_a6eb2   ]
  ignore line: [Driving: /usr/bin/gfortran -v CMakeFiles/cmTC_a6eb2.dir/CMakeFortranCompilerABI.F.o -o cmTC_a6eb2 -l gfortran -l m -shared-libgcc]
  ignore line: [Using built-in specs.]
  ignore line: [COLLECT_GCC=/usr/bin/gfortran]
  ignore line: [COLLECT_LTO_WRAPPER=/usr/lib/gcc/x86_64-linux-gnu/4.8/lto-wrapper]
  ignore line: [Target: x86_64-linux-gnu]
  ignore line: [Configured with: ../src/configure -v --with-pkgversion='Ubuntu 4.8.4-2ubuntu1~14.04.3' --with-bugurl=file:///usr/share/doc/gcc-4.8/README.Bugs --enable-languages=c,c++,java,go,d,fortran,objc,obj-c++ --prefix=/usr --program-suffix=-4.8 --enable-shared --enable-linker-build-id --libexecdir=/usr/lib --without-included-gettext --enable-threads=posix --with-gxx-include-dir=/usr/include/c++/4.8 --libdir=/usr/lib --enable-nls --with-sysroot=/ --enable-clocale=gnu --enable-libstdcxx-debug --enable-libstdcxx-time=yes --enable-gnu-unique-object --disable-libmudflap --enable-plugin --with-system-zlib --disable-browser-plugin --enable-java-awt=gtk --enable-gtk-cairo --with-java-home=/usr/lib/jvm/java-1.5.0-gcj-4.8-amd64/jre --enable-java-home --with-jvm-root-dir=/usr/lib/jvm/java-1.5.0-gcj-4.8-amd64 --with-jvm-jar-dir=/usr/lib/jvm-exports/java-1.5.0-gcj-4.8-amd64 --with-arch-directory=amd64 --with-ecj-jar=/usr/share/java/eclipse-ecj.jar --enable-objc-gc --enable-multiarch --disable-werror --with-arch-32=i686 --with-abi=m64 --with-multilib-list=m32,m64,mx32 --with-tune=generic --enable-checking=release --build=x86_64-linux-gnu --host=x86_64-linux-gnu --target=x86_64-linux-gnu]
  ignore line: [Thread model: posix]
  ignore line: [gcc version 4.8.4 (Ubuntu 4.8.4-2ubuntu1~14.04.3) ]
  ignore line: [Reading specs from /usr/lib/gcc/x86_64-linux-gnu/4.8/libgfortran.spec]
  ignore line: [rename spec lib to liborig]
  ignore line: [COLLECT_GCC_OPTIONS='-v' '-o' 'cmTC_a6eb2' '-shared-libgcc' '-mtune=generic' '-march=x86-64']
  ignore line: [COMPILER_PATH=/usr/lib/gcc/x86_64-linux-gnu/4.8/:/usr/lib/gcc/x86_64-linux-gnu/4.8/:/usr/lib/gcc/x86_64-linux-gnu/:/usr/lib/gcc/x86_64-linux-gnu/4.8/:/usr/lib/gcc/x86_64-linux-gnu/]
  ignore line: [LIBRARY_PATH=/usr/lib/gcc/x86_64-linux-gnu/4.8/:/usr/lib/gcc/x86_64-linux-gnu/4.8/../../../x86_64-linux-gnu/:/usr/lib/gcc/x86_64-linux-gnu/4.8/../../../../lib/:/lib/x86_64-linux-gnu/:/lib/../lib/:/usr/lib/x86_64-linux-gnu/:/usr/lib/../lib/:/usr/lib/gcc/x86_64-linux-gnu/4.8/../../../:/lib/:/usr/lib/]
  ignore line: [COLLECT_GCC_OPTIONS='-v' '-o' 'cmTC_a6eb2' '-shared-libgcc' '-mtune=generic' '-march=x86-64']
  link line: [ /usr/lib/gcc/x86_64-linux-gnu/4.8/collect2 --sysroot=/ --build-id --eh-frame-hdr -m elf_x86_64 --hash-style=gnu --as-needed -dynamic-linker /lib64/ld-linux-x86-64.so.2 -z relro -o cmTC_a6eb2 /usr/lib/gcc/x86_64-linux-gnu/4.8/../../../x86_64-linux-gnu/crt1.o /usr/lib/gcc/x86_64-linux-gnu/4.8/../../../x86_64-linux-gnu/crti.o /usr/lib/gcc/x86_64-linux-gnu/4.8/crtbegin.o -L/usr/lib/gcc/x86_64-linux-gnu/4.8 -L/usr/lib/gcc/x86_64-linux-gnu/4.8/../../../x86_64-linux-gnu -L/usr/lib/gcc/x86_64-linux-gnu/4.8/../../../../lib -L/lib/x86_64-linux-gnu -L/lib/../lib -L/usr/lib/x86_64-linux-gnu -L/usr/lib/../lib -L/usr/lib/gcc/x86_64-linux-gnu/4.8/../../.. CMakeFiles/cmTC_a6eb2.dir/CMakeFortranCompilerABI.F.o -lgfortran -lm -lgcc_s -lgcc -lquadmath -lm -lgcc_s -lgcc -lc -lgcc_s -lgcc /usr/lib/gcc/x86_64-linux-gnu/4.8/crtend.o /usr/lib/gcc/x86_64-linux-gnu/4.8/../../../x86_64-linux-gnu/crtn.o]
    arg [/usr/lib/gcc/x86_64-linux-gnu/4.8/collect2] ==> ignore
    arg [--sysroot=/] ==> ignore
    arg [--build-id] ==> ignore
    arg [--eh-frame-hdr] ==> ignore
    arg [-m] ==> ignore
    arg [elf_x86_64] ==> ignore
    arg [--hash-style=gnu] ==> ignore
    arg [--as-needed] ==> ignore
    arg [-dynamic-linker] ==> ignore
    arg [/lib64/ld-linux-x86-64.so.2] ==> ignore
    arg [-zrelro] ==> ignore
    arg [-o] ==> ignore
    arg [cmTC_a6eb2] ==> ignore
    arg [/usr/lib/gcc/x86_64-linux-gnu/4.8/../../../x86_64-linux-gnu/crt1.o] ==> ignore
    arg [/usr/lib/gcc/x86_64-linux-gnu/4.8/../../../x86_64-linux-gnu/crti.o] ==> ignore
    arg [/usr/lib/gcc/x86_64-linux-gnu/4.8/crtbegin.o] ==> ignore
    arg [-L/usr/lib/gcc/x86_64-linux-gnu/4.8] ==> dir [/usr/lib/gcc/x86_64-linux-gnu/4.8]
    arg [-L/usr/lib/gcc/x86_64-linux-gnu/4.8/../../../x86_64-linux-gnu] ==> dir [/usr/lib/gcc/x86_64-linux-gnu/4.8/../../../x86_64-linux-gnu]
    arg [-L/usr/lib/gcc/x86_64-linux-gnu/4.8/../../../../lib] ==> dir [/usr/lib/gcc/x86_64-linux-gnu/4.8/../../../../lib]
    arg [-L/lib/x86_64-linux-gnu] ==> dir [/lib/x86_64-linux-gnu]
    arg [-L/lib/../lib] ==> dir [/lib/../lib]
    arg [-L/usr/lib/x86_64-linux-gnu] ==> dir [/usr/lib/x86_64-linux-gnu]
    arg [-L/usr/lib/../lib] ==> dir [/usr/lib/../lib]
    arg [-L/usr/lib/gcc/x86_64-linux-gnu/4.8/../../..] ==> dir [/usr/lib/gcc/x86_64-linux-gnu/4.8/../../..]
    arg [CMakeFiles/cmTC_a6eb2.dir/CMakeFortranCompilerABI.F.o] ==> ignore
    arg [-lgfortran] ==> lib [gfortran]
    arg [-lm] ==> lib [m]
    arg [-lgcc_s] ==> lib [gcc_s]
    arg [-lgcc] ==> lib [gcc]
    arg [-lquadmath] ==> lib [quadmath]
    arg [-lm] ==> lib [m]
    arg [-lgcc_s] ==> lib [gcc_s]
    arg [-lgcc] ==> lib [gcc]
    arg [-lc] ==> lib [c]
    arg [-lgcc_s] ==> lib [gcc_s]
    arg [-lgcc] ==> lib [gcc]
    arg [/usr/lib/gcc/x86_64-linux-gnu/4.8/crtend.o] ==> ignore
    arg [/usr/lib/gcc/x86_64-linux-gnu/4.8/../../../x86_64-linux-gnu/crtn.o] ==> ignore
  remove lib [gcc_s]
  remove lib [gcc]
  remove lib [gcc_s]
  remove lib [gcc]
  remove lib [gcc_s]
  remove lib [gcc]
  collapse library dir [/usr/lib/gcc/x86_64-linux-gnu/4.8] ==> [/usr/lib/gcc/x86_64-linux-gnu/4.8]
  collapse library dir [/usr/lib/gcc/x86_64-linux-gnu/4.8/../../../x86_64-linux-gnu] ==> [/usr/lib/x86_64-linux-gnu]
  collapse library dir [/usr/lib/gcc/x86_64-linux-gnu/4.8/../../../../lib] ==> [/usr/lib]
  collapse library dir [/lib/x86_64-linux-gnu] ==> [/lib/x86_64-linux-gnu]
  collapse library dir [/lib/../lib] ==> [/lib]
  collapse library dir [/usr/lib/x86_64-linux-gnu] ==> [/usr/lib/x86_64-linux-gnu]
  collapse library dir [/usr/lib/../lib] ==> [/usr/lib]
  collapse library dir [/usr/lib/gcc/x86_64-linux-gnu/4.8/../../..] ==> [/usr/lib]
  implicit libs: [gfortran;m;quadmath;m;c]
  implicit dirs: [/usr/lib/gcc/x86_64-linux-gnu/4.8;/usr/lib/x86_64-linux-gnu;/usr/lib;/lib/x86_64-linux-gnu;/lib]
  implicit fwks: []


Determining if the Fortran compiler supports Fortran 90 passed with the following output:
Change Dir: /home/samar/learning/qmcode/cpp/eigen_build/CMakeFiles/CMakeTmp

Run Build Command:"/usr/bin/make" "cmTC_5d4ab/fast"
/usr/bin/make -f CMakeFiles/cmTC_5d4ab.dir/build.make CMakeFiles/cmTC_5d4ab.dir/build
make[1]: Entering directory `/home/samar/learning/qmcode/cpp/eigen_build/CMakeFiles/CMakeTmp'
Building Fortran object CMakeFiles/cmTC_5d4ab.dir/testFortranCompilerF90.f90.o
/usr/bin/gfortran     -c /home/samar/learning/qmcode/cpp/eigen_build/CMakeFiles/CMakeTmp/testFortranCompilerF90.f90 -o CMakeFiles/cmTC_5d4ab.dir/testFortranCompilerF90.f90.o
Linking Fortran executable cmTC_5d4ab
/usr/bin/cmake -E cmake_link_script CMakeFiles/cmTC_5d4ab.dir/link.txt --verbose=1
/usr/bin/gfortran       CMakeFiles/cmTC_5d4ab.dir/testFortranCompilerF90.f90.o  -o cmTC_5d4ab  
make[1]: Leaving directory `/home/samar/learning/qmcode/cpp/eigen_build/CMakeFiles/CMakeTmp'


Performing C++ SOURCE FILE Test COMPILER_SUPPORT_FASTMATH succeeded with the following output:
Change Dir: /home/samar/learning/qmcode/cpp/eigen_build/CMakeFiles/CMakeTmp

Run Build Command:"/usr/bin/make" "cmTC_c5c34/fast"
/usr/bin/make -f CMakeFiles/cmTC_c5c34.dir/build.make CMakeFiles/cmTC_c5c34.dir/build
make[1]: Entering directory `/home/samar/learning/qmcode/cpp/eigen_build/CMakeFiles/CMakeTmp'
Building CXX object CMakeFiles/cmTC_c5c34.dir/src.cxx.o
/usr/bin/c++     -pedantic -Wall -Wextra -Wundef -Wcast-align -Wchar-subscripts -Wnon-virtual-dtor -Wunused-local-typedefs -Wpointer-arith -Wwrite-strings -Wformat-security -Wlogical-op -Wdouble-promotion -Wshadow -Wno-psabi -Wno-variadic-macros -Wno-long-long -fno-check-new -fno-common -fstrict-aliasing -ansi -DCOMPILER_SUPPORT_FASTMATH   -ffast-math -o CMakeFiles/cmTC_c5c34.dir/src.cxx.o -c /home/samar/learning/qmcode/cpp/eigen_build/CMakeFiles/CMakeTmp/src.cxx
Linking CXX executable cmTC_c5c34
/usr/bin/cmake -E cmake_link_script CMakeFiles/cmTC_c5c34.dir/link.txt --verbose=1
/usr/bin/c++    -pedantic -Wall -Wextra -Wundef -Wcast-align -Wchar-subscripts -Wnon-virtual-dtor -Wunused-local-typedefs -Wpointer-arith -Wwrite-strings -Wformat-security -Wlogical-op -Wdouble-promotion -Wshadow -Wno-psabi -Wno-variadic-macros -Wno-long-long -fno-check-new -fno-common -fstrict-aliasing -ansi -DCOMPILER_SUPPORT_FASTMATH    CMakeFiles/cmTC_c5c34.dir/src.cxx.o  -o cmTC_c5c34 -rdynamic 
make[1]: Leaving directory `/home/samar/learning/qmcode/cpp/eigen_build/CMakeFiles/CMakeTmp'

Source file was:
int main() { return 0; }
Determining if the include file pthread.h exists passed with the following output:
Change Dir: /home/samar/learning/qmcode/cpp/eigen_build/CMakeFiles/CMakeTmp

Run Build Command:"/usr/bin/make" "cmTC_336d7/fast"
/usr/bin/make -f CMakeFiles/cmTC_336d7.dir/build.make CMakeFiles/cmTC_336d7.dir/build
make[1]: Entering directory `/home/samar/learning/qmcode/cpp/eigen_build/CMakeFiles/CMakeTmp'
Building C object CMakeFiles/cmTC_336d7.dir/CheckIncludeFile.c.o
/usr/bin/cc     -o CMakeFiles/cmTC_336d7.dir/CheckIncludeFile.c.o   -c /home/samar/learning/qmcode/cpp/eigen_build/CMakeFiles/CMakeTmp/CheckIncludeFile.c
Linking C executable cmTC_336d7
/usr/bin/cmake -E cmake_link_script CMakeFiles/cmTC_336d7.dir/link.txt --verbose=1
/usr/bin/cc       CMakeFiles/cmTC_336d7.dir/CheckIncludeFile.c.o  -o cmTC_336d7 -rdynamic 
make[1]: Leaving directory `/home/samar/learning/qmcode/cpp/eigen_build/CMakeFiles/CMakeTmp'


Determining if the function pthread_create exists in the pthread passed with the following output:
Change Dir: /home/samar/learning/qmcode/cpp/eigen_build/CMakeFiles/CMakeTmp

Run Build Command:"/usr/bin/make" "cmTC_e3d68/fast"
/usr/bin/make -f CMakeFiles/cmTC_e3d68.dir/build.make CMakeFiles/cmTC_e3d68.dir/build
make[1]: Entering directory `/home/samar/learning/qmcode/cpp/eigen_build/CMakeFiles/CMakeTmp'
Building C object CMakeFiles/cmTC_e3d68.dir/CheckFunctionExists.c.o
/usr/bin/cc    -DCHECK_FUNCTION_EXISTS=pthread_create   -o CMakeFiles/cmTC_e3d68.dir/CheckFunctionExists.c.o   -c /usr/share/cmake-3.5/Modules/CheckFunctionExists.c
Linking C executable cmTC_e3d68
/usr/bin/cmake -E cmake_link_script CMakeFiles/cmTC_e3d68.dir/link.txt --verbose=1
/usr/bin/cc   -DCHECK_FUNCTION_EXISTS=pthread_create    CMakeFiles/cmTC_e3d68.dir/CheckFunctionExists.c.o  -o cmTC_e3d68 -rdynamic -lpthread 
make[1]: Leaving directory `/home/samar/learning/qmcode/cpp/eigen_build/CMakeFiles/CMakeTmp'


