The system is: Linux - 3.10.0-862.3.2.el7.x86_64 - x86_64
Compiling the C compiler identification source file "CMakeCCompilerId.c" succeeded.
Compiler: /v/apps/gcc/6.3.0-centos7/bin/gcc 
Build flags: 
Id flags: 

The output was:
0


Compilation of the C compiler identification source "CMakeCCompilerId.c" produced "a.out"

The C compiler identification is GNU, found in "/u/samar/Documents/git/learning/qmcode/cpp/build/CMakeFiles/3.7.1/CompilerIdC/a.out"

Compiling the CXX compiler identification source file "CMakeCXXCompilerId.cpp" succeeded.
Compiler: /v/apps/gcc/6.3.0-centos7/bin/g++ 
Build flags: 
Id flags: 

The output was:
0


Compilation of the CXX compiler identification source "CMakeCXXCompilerId.cpp" produced "a.out"

The CXX compiler identification is GNU, found in "/u/samar/Documents/git/learning/qmcode/cpp/build/CMakeFiles/3.7.1/CompilerIdCXX/a.out"

Determining if the C compiler works passed with the following output:
Change Dir: /u/samar/Documents/git/learning/qmcode/cpp/build/CMakeFiles/CMakeTmp

Run Build Command:"/usr/bin/gmake" "cmTC_4deaf/fast"
/usr/bin/gmake -f CMakeFiles/cmTC_4deaf.dir/build.make CMakeFiles/cmTC_4deaf.dir/build
gmake[1]: Entering directory `/u/samar/Documents/git/learning/qmcode/cpp/build/CMakeFiles/CMakeTmp'
Building C object CMakeFiles/cmTC_4deaf.dir/testCCompiler.c.o
/v/apps/gcc/6.3.0-centos7/bin/gcc     -o CMakeFiles/cmTC_4deaf.dir/testCCompiler.c.o   -c /u/samar/Documents/git/learning/qmcode/cpp/build/CMakeFiles/CMakeTmp/testCCompiler.c
Linking C executable cmTC_4deaf
/v/apps/cmake/3.7.1-centos7/bin/cmake -E cmake_link_script CMakeFiles/cmTC_4deaf.dir/link.txt --verbose=1
/v/apps/gcc/6.3.0-centos7/bin/gcc       CMakeFiles/cmTC_4deaf.dir/testCCompiler.c.o  -o cmTC_4deaf -rdynamic 
gmake[1]: Leaving directory `/u/samar/Documents/git/learning/qmcode/cpp/build/CMakeFiles/CMakeTmp'


Detecting C compiler ABI info compiled with the following output:
Change Dir: /u/samar/Documents/git/learning/qmcode/cpp/build/CMakeFiles/CMakeTmp

Run Build Command:"/usr/bin/gmake" "cmTC_17fd4/fast"
/usr/bin/gmake -f CMakeFiles/cmTC_17fd4.dir/build.make CMakeFiles/cmTC_17fd4.dir/build
gmake[1]: Entering directory `/u/samar/Documents/git/learning/qmcode/cpp/build/CMakeFiles/CMakeTmp'
Building C object CMakeFiles/cmTC_17fd4.dir/CMakeCCompilerABI.c.o
/v/apps/gcc/6.3.0-centos7/bin/gcc     -o CMakeFiles/cmTC_17fd4.dir/CMakeCCompilerABI.c.o   -c /v/apps/cmake/3.7.1-centos7/share/cmake-3.7/Modules/CMakeCCompilerABI.c
Linking C executable cmTC_17fd4
/v/apps/cmake/3.7.1-centos7/bin/cmake -E cmake_link_script CMakeFiles/cmTC_17fd4.dir/link.txt --verbose=1
/v/apps/gcc/6.3.0-centos7/bin/gcc      -v CMakeFiles/cmTC_17fd4.dir/CMakeCCompilerABI.c.o  -o cmTC_17fd4 -rdynamic  
Using built-in specs.
COLLECT_GCC=/v/apps/gcc/6.3.0-centos7/bin/gcc
COLLECT_LTO_WRAPPER=/v/apps/gcc/6.3.0-centos7/libexec/gcc/x86_64-pc-linux-gnu/6.3.0/lto-wrapper
Target: x86_64-pc-linux-gnu
Configured with: ../configure --prefix=/v/apps/gcc/6.3.0-centos7 --disable-multilib --with-system-zlib --enable-languages=c,c++,fortran,go,objc,obj-c++
Thread model: posix
gcc version 6.3.0 (GCC) 
COMPILER_PATH=/v/apps/gcc/6.3.0-centos7/libexec/gcc/x86_64-pc-linux-gnu/6.3.0/:/v/apps/gcc/6.3.0-centos7/libexec/gcc/x86_64-pc-linux-gnu/6.3.0/:/v/apps/gcc/6.3.0-centos7/libexec/gcc/x86_64-pc-linux-gnu/:/v/apps/gcc/6.3.0-centos7/lib/gcc/x86_64-pc-linux-gnu/6.3.0/:/v/apps/gcc/6.3.0-centos7/lib/gcc/x86_64-pc-linux-gnu/
LIBRARY_PATH=/v/apps/gcc/6.3.0-centos7/lib64/../lib64/:/v/apps/gcc/6.3.0-centos7/lib/gcc/x86_64-pc-linux-gnu/6.3.0/:/v/apps/gcc/6.3.0-centos7/lib/gcc/x86_64-pc-linux-gnu/6.3.0/../../../../lib64/:/lib/../lib64/:/usr/lib/../lib64/:/v/apps/gcc/6.3.0-centos7/lib64/:/u/samar/Documents/git/caffe2/install/lib/:/v/apps/gcc/6.3.0-centos7/lib/gcc/x86_64-pc-linux-gnu/6.3.0/../../../:/lib/:/usr/lib/
COLLECT_GCC_OPTIONS='-v' '-o' 'cmTC_17fd4' '-rdynamic' '-mtune=generic' '-march=x86-64'
 /v/apps/gcc/6.3.0-centos7/libexec/gcc/x86_64-pc-linux-gnu/6.3.0/collect2 -plugin /v/apps/gcc/6.3.0-centos7/libexec/gcc/x86_64-pc-linux-gnu/6.3.0/liblto_plugin.so -plugin-opt=/v/apps/gcc/6.3.0-centos7/libexec/gcc/x86_64-pc-linux-gnu/6.3.0/lto-wrapper -plugin-opt=-fresolution=/tmp/cc6toZnN.res -plugin-opt=-pass-through=-lgcc -plugin-opt=-pass-through=-lgcc_s -plugin-opt=-pass-through=-lc -plugin-opt=-pass-through=-lgcc -plugin-opt=-pass-through=-lgcc_s --eh-frame-hdr -m elf_x86_64 -export-dynamic -dynamic-linker /lib64/ld-linux-x86-64.so.2 -o cmTC_17fd4 /lib/../lib64/crt1.o /lib/../lib64/crti.o /v/apps/gcc/6.3.0-centos7/lib/gcc/x86_64-pc-linux-gnu/6.3.0/crtbegin.o -L/v/apps/gcc/6.3.0-centos7/lib64/../lib64 -L/v/apps/gcc/6.3.0-centos7/lib/gcc/x86_64-pc-linux-gnu/6.3.0 -L/v/apps/gcc/6.3.0-centos7/lib/gcc/x86_64-pc-linux-gnu/6.3.0/../../../../lib64 -L/lib/../lib64 -L/usr/lib/../lib64 -L/v/apps/gcc/6.3.0-centos7/lib64 -L/u/samar/Documents/git/caffe2/install/lib -L/v/apps/gcc/6.3.0-centos7/lib/gcc/x86_64-pc-linux-gnu/6.3.0/../../.. CMakeFiles/cmTC_17fd4.dir/CMakeCCompilerABI.c.o -lgcc --as-needed -lgcc_s --no-as-needed -lc -lgcc --as-needed -lgcc_s --no-as-needed /v/apps/gcc/6.3.0-centos7/lib/gcc/x86_64-pc-linux-gnu/6.3.0/crtend.o /lib/../lib64/crtn.o
COLLECT_GCC_OPTIONS='-v' '-o' 'cmTC_17fd4' '-rdynamic' '-mtune=generic' '-march=x86-64'
gmake[1]: Leaving directory `/u/samar/Documents/git/learning/qmcode/cpp/build/CMakeFiles/CMakeTmp'


Parsed C implicit link information from above output:
  link line regex: [^( *|.*[/\])(ld|([^/\]+-)?ld|collect2)[^/\]*( |$)]
  ignore line: [Change Dir: /u/samar/Documents/git/learning/qmcode/cpp/build/CMakeFiles/CMakeTmp]
  ignore line: []
  ignore line: [Run Build Command:"/usr/bin/gmake" "cmTC_17fd4/fast"]
  ignore line: [/usr/bin/gmake -f CMakeFiles/cmTC_17fd4.dir/build.make CMakeFiles/cmTC_17fd4.dir/build]
  ignore line: [gmake[1]: Entering directory `/u/samar/Documents/git/learning/qmcode/cpp/build/CMakeFiles/CMakeTmp']
  ignore line: [Building C object CMakeFiles/cmTC_17fd4.dir/CMakeCCompilerABI.c.o]
  ignore line: [/v/apps/gcc/6.3.0-centos7/bin/gcc     -o CMakeFiles/cmTC_17fd4.dir/CMakeCCompilerABI.c.o   -c /v/apps/cmake/3.7.1-centos7/share/cmake-3.7/Modules/CMakeCCompilerABI.c]
  ignore line: [Linking C executable cmTC_17fd4]
  ignore line: [/v/apps/cmake/3.7.1-centos7/bin/cmake -E cmake_link_script CMakeFiles/cmTC_17fd4.dir/link.txt --verbose=1]
  ignore line: [/v/apps/gcc/6.3.0-centos7/bin/gcc      -v CMakeFiles/cmTC_17fd4.dir/CMakeCCompilerABI.c.o  -o cmTC_17fd4 -rdynamic  ]
  ignore line: [Using built-in specs.]
  ignore line: [COLLECT_GCC=/v/apps/gcc/6.3.0-centos7/bin/gcc]
  ignore line: [COLLECT_LTO_WRAPPER=/v/apps/gcc/6.3.0-centos7/libexec/gcc/x86_64-pc-linux-gnu/6.3.0/lto-wrapper]
  ignore line: [Target: x86_64-pc-linux-gnu]
  ignore line: [Configured with: ../configure --prefix=/v/apps/gcc/6.3.0-centos7 --disable-multilib --with-system-zlib --enable-languages=c,c++,fortran,go,objc,obj-c++]
  ignore line: [Thread model: posix]
  ignore line: [gcc version 6.3.0 (GCC) ]
  ignore line: [COMPILER_PATH=/v/apps/gcc/6.3.0-centos7/libexec/gcc/x86_64-pc-linux-gnu/6.3.0/:/v/apps/gcc/6.3.0-centos7/libexec/gcc/x86_64-pc-linux-gnu/6.3.0/:/v/apps/gcc/6.3.0-centos7/libexec/gcc/x86_64-pc-linux-gnu/:/v/apps/gcc/6.3.0-centos7/lib/gcc/x86_64-pc-linux-gnu/6.3.0/:/v/apps/gcc/6.3.0-centos7/lib/gcc/x86_64-pc-linux-gnu/]
  ignore line: [LIBRARY_PATH=/v/apps/gcc/6.3.0-centos7/lib64/../lib64/:/v/apps/gcc/6.3.0-centos7/lib/gcc/x86_64-pc-linux-gnu/6.3.0/:/v/apps/gcc/6.3.0-centos7/lib/gcc/x86_64-pc-linux-gnu/6.3.0/../../../../lib64/:/lib/../lib64/:/usr/lib/../lib64/:/v/apps/gcc/6.3.0-centos7/lib64/:/u/samar/Documents/git/caffe2/install/lib/:/v/apps/gcc/6.3.0-centos7/lib/gcc/x86_64-pc-linux-gnu/6.3.0/../../../:/lib/:/usr/lib/]
  ignore line: [COLLECT_GCC_OPTIONS='-v' '-o' 'cmTC_17fd4' '-rdynamic' '-mtune=generic' '-march=x86-64']
  link line: [ /v/apps/gcc/6.3.0-centos7/libexec/gcc/x86_64-pc-linux-gnu/6.3.0/collect2 -plugin /v/apps/gcc/6.3.0-centos7/libexec/gcc/x86_64-pc-linux-gnu/6.3.0/liblto_plugin.so -plugin-opt=/v/apps/gcc/6.3.0-centos7/libexec/gcc/x86_64-pc-linux-gnu/6.3.0/lto-wrapper -plugin-opt=-fresolution=/tmp/cc6toZnN.res -plugin-opt=-pass-through=-lgcc -plugin-opt=-pass-through=-lgcc_s -plugin-opt=-pass-through=-lc -plugin-opt=-pass-through=-lgcc -plugin-opt=-pass-through=-lgcc_s --eh-frame-hdr -m elf_x86_64 -export-dynamic -dynamic-linker /lib64/ld-linux-x86-64.so.2 -o cmTC_17fd4 /lib/../lib64/crt1.o /lib/../lib64/crti.o /v/apps/gcc/6.3.0-centos7/lib/gcc/x86_64-pc-linux-gnu/6.3.0/crtbegin.o -L/v/apps/gcc/6.3.0-centos7/lib64/../lib64 -L/v/apps/gcc/6.3.0-centos7/lib/gcc/x86_64-pc-linux-gnu/6.3.0 -L/v/apps/gcc/6.3.0-centos7/lib/gcc/x86_64-pc-linux-gnu/6.3.0/../../../../lib64 -L/lib/../lib64 -L/usr/lib/../lib64 -L/v/apps/gcc/6.3.0-centos7/lib64 -L/u/samar/Documents/git/caffe2/install/lib -L/v/apps/gcc/6.3.0-centos7/lib/gcc/x86_64-pc-linux-gnu/6.3.0/../../.. CMakeFiles/cmTC_17fd4.dir/CMakeCCompilerABI.c.o -lgcc --as-needed -lgcc_s --no-as-needed -lc -lgcc --as-needed -lgcc_s --no-as-needed /v/apps/gcc/6.3.0-centos7/lib/gcc/x86_64-pc-linux-gnu/6.3.0/crtend.o /lib/../lib64/crtn.o]
    arg [/v/apps/gcc/6.3.0-centos7/libexec/gcc/x86_64-pc-linux-gnu/6.3.0/collect2] ==> ignore
    arg [-plugin] ==> ignore
    arg [/v/apps/gcc/6.3.0-centos7/libexec/gcc/x86_64-pc-linux-gnu/6.3.0/liblto_plugin.so] ==> ignore
    arg [-plugin-opt=/v/apps/gcc/6.3.0-centos7/libexec/gcc/x86_64-pc-linux-gnu/6.3.0/lto-wrapper] ==> ignore
    arg [-plugin-opt=-fresolution=/tmp/cc6toZnN.res] ==> ignore
    arg [-plugin-opt=-pass-through=-lgcc] ==> ignore
    arg [-plugin-opt=-pass-through=-lgcc_s] ==> ignore
    arg [-plugin-opt=-pass-through=-lc] ==> ignore
    arg [-plugin-opt=-pass-through=-lgcc] ==> ignore
    arg [-plugin-opt=-pass-through=-lgcc_s] ==> ignore
    arg [--eh-frame-hdr] ==> ignore
    arg [-m] ==> ignore
    arg [elf_x86_64] ==> ignore
    arg [-export-dynamic] ==> ignore
    arg [-dynamic-linker] ==> ignore
    arg [/lib64/ld-linux-x86-64.so.2] ==> ignore
    arg [-o] ==> ignore
    arg [cmTC_17fd4] ==> ignore
    arg [/lib/../lib64/crt1.o] ==> ignore
    arg [/lib/../lib64/crti.o] ==> ignore
    arg [/v/apps/gcc/6.3.0-centos7/lib/gcc/x86_64-pc-linux-gnu/6.3.0/crtbegin.o] ==> ignore
    arg [-L/v/apps/gcc/6.3.0-centos7/lib64/../lib64] ==> dir [/v/apps/gcc/6.3.0-centos7/lib64/../lib64]
    arg [-L/v/apps/gcc/6.3.0-centos7/lib/gcc/x86_64-pc-linux-gnu/6.3.0] ==> dir [/v/apps/gcc/6.3.0-centos7/lib/gcc/x86_64-pc-linux-gnu/6.3.0]
    arg [-L/v/apps/gcc/6.3.0-centos7/lib/gcc/x86_64-pc-linux-gnu/6.3.0/../../../../lib64] ==> dir [/v/apps/gcc/6.3.0-centos7/lib/gcc/x86_64-pc-linux-gnu/6.3.0/../../../../lib64]
    arg [-L/lib/../lib64] ==> dir [/lib/../lib64]
    arg [-L/usr/lib/../lib64] ==> dir [/usr/lib/../lib64]
    arg [-L/v/apps/gcc/6.3.0-centos7/lib64] ==> dir [/v/apps/gcc/6.3.0-centos7/lib64]
    arg [-L/u/samar/Documents/git/caffe2/install/lib] ==> dir [/u/samar/Documents/git/caffe2/install/lib]
    arg [-L/v/apps/gcc/6.3.0-centos7/lib/gcc/x86_64-pc-linux-gnu/6.3.0/../../..] ==> dir [/v/apps/gcc/6.3.0-centos7/lib/gcc/x86_64-pc-linux-gnu/6.3.0/../../..]
    arg [CMakeFiles/cmTC_17fd4.dir/CMakeCCompilerABI.c.o] ==> ignore
    arg [-lgcc] ==> lib [gcc]
    arg [--as-needed] ==> ignore
    arg [-lgcc_s] ==> lib [gcc_s]
    arg [--no-as-needed] ==> ignore
    arg [-lc] ==> lib [c]
    arg [-lgcc] ==> lib [gcc]
    arg [--as-needed] ==> ignore
    arg [-lgcc_s] ==> lib [gcc_s]
    arg [--no-as-needed] ==> ignore
    arg [/v/apps/gcc/6.3.0-centos7/lib/gcc/x86_64-pc-linux-gnu/6.3.0/crtend.o] ==> ignore
    arg [/lib/../lib64/crtn.o] ==> ignore
  remove lib [gcc]
  remove lib [gcc_s]
  remove lib [gcc]
  remove lib [gcc_s]
  collapse library dir [/v/apps/gcc/6.3.0-centos7/lib64/../lib64] ==> [/v/apps/gcc/6.3.0-centos7/lib64]
  collapse library dir [/v/apps/gcc/6.3.0-centos7/lib/gcc/x86_64-pc-linux-gnu/6.3.0] ==> [/v/apps/gcc/6.3.0-centos7/lib/gcc/x86_64-pc-linux-gnu/6.3.0]
  collapse library dir [/v/apps/gcc/6.3.0-centos7/lib/gcc/x86_64-pc-linux-gnu/6.3.0/../../../../lib64] ==> [/v/apps/gcc/6.3.0-centos7/lib64]
  collapse library dir [/lib/../lib64] ==> [/lib64]
  collapse library dir [/usr/lib/../lib64] ==> [/usr/lib64]
  collapse library dir [/v/apps/gcc/6.3.0-centos7/lib64] ==> [/v/apps/gcc/6.3.0-centos7/lib64]
  collapse library dir [/u/samar/Documents/git/caffe2/install/lib] ==> [/u/samar/Documents/git/caffe2/install/lib]
  collapse library dir [/v/apps/gcc/6.3.0-centos7/lib/gcc/x86_64-pc-linux-gnu/6.3.0/../../..] ==> [/v/apps/gcc/6.3.0-centos7/lib]
  implicit libs: [c]
  implicit dirs: [/v/apps/gcc/6.3.0-centos7/lib64;/v/apps/gcc/6.3.0-centos7/lib/gcc/x86_64-pc-linux-gnu/6.3.0;/lib64;/usr/lib64;/u/samar/Documents/git/caffe2/install/lib;/v/apps/gcc/6.3.0-centos7/lib]
  implicit fwks: []




Detecting C [-std=c11] compiler features compiled with the following output:
Change Dir: /u/samar/Documents/git/learning/qmcode/cpp/build/CMakeFiles/CMakeTmp

Run Build Command:"/usr/bin/gmake" "cmTC_2afd9/fast"
/usr/bin/gmake -f CMakeFiles/cmTC_2afd9.dir/build.make CMakeFiles/cmTC_2afd9.dir/build
gmake[1]: Entering directory `/u/samar/Documents/git/learning/qmcode/cpp/build/CMakeFiles/CMakeTmp'
Building C object CMakeFiles/cmTC_2afd9.dir/feature_tests.c.o
/v/apps/gcc/6.3.0-centos7/bin/gcc    -std=c11 -o CMakeFiles/cmTC_2afd9.dir/feature_tests.c.o   -c /u/samar/Documents/git/learning/qmcode/cpp/build/CMakeFiles/feature_tests.c
Linking C executable cmTC_2afd9
/v/apps/cmake/3.7.1-centos7/bin/cmake -E cmake_link_script CMakeFiles/cmTC_2afd9.dir/link.txt --verbose=1
/v/apps/gcc/6.3.0-centos7/bin/gcc       CMakeFiles/cmTC_2afd9.dir/feature_tests.c.o  -o cmTC_2afd9 -rdynamic 
gmake[1]: Leaving directory `/u/samar/Documents/git/learning/qmcode/cpp/build/CMakeFiles/CMakeTmp'


    Feature record: C_FEATURE:1c_function_prototypes
    Feature record: C_FEATURE:1c_restrict
    Feature record: C_FEATURE:1c_static_assert
    Feature record: C_FEATURE:1c_variadic_macros


Detecting C [-std=c99] compiler features compiled with the following output:
Change Dir: /u/samar/Documents/git/learning/qmcode/cpp/build/CMakeFiles/CMakeTmp

Run Build Command:"/usr/bin/gmake" "cmTC_16d02/fast"
/usr/bin/gmake -f CMakeFiles/cmTC_16d02.dir/build.make CMakeFiles/cmTC_16d02.dir/build
gmake[1]: Entering directory `/u/samar/Documents/git/learning/qmcode/cpp/build/CMakeFiles/CMakeTmp'
Building C object CMakeFiles/cmTC_16d02.dir/feature_tests.c.o
/v/apps/gcc/6.3.0-centos7/bin/gcc    -std=c99 -o CMakeFiles/cmTC_16d02.dir/feature_tests.c.o   -c /u/samar/Documents/git/learning/qmcode/cpp/build/CMakeFiles/feature_tests.c
Linking C executable cmTC_16d02
/v/apps/cmake/3.7.1-centos7/bin/cmake -E cmake_link_script CMakeFiles/cmTC_16d02.dir/link.txt --verbose=1
/v/apps/gcc/6.3.0-centos7/bin/gcc       CMakeFiles/cmTC_16d02.dir/feature_tests.c.o  -o cmTC_16d02 -rdynamic 
gmake[1]: Leaving directory `/u/samar/Documents/git/learning/qmcode/cpp/build/CMakeFiles/CMakeTmp'


    Feature record: C_FEATURE:1c_function_prototypes
    Feature record: C_FEATURE:1c_restrict
    Feature record: C_FEATURE:0c_static_assert
    Feature record: C_FEATURE:1c_variadic_macros


Detecting C [-std=c90] compiler features compiled with the following output:
Change Dir: /u/samar/Documents/git/learning/qmcode/cpp/build/CMakeFiles/CMakeTmp

Run Build Command:"/usr/bin/gmake" "cmTC_f9c66/fast"
/usr/bin/gmake -f CMakeFiles/cmTC_f9c66.dir/build.make CMakeFiles/cmTC_f9c66.dir/build
gmake[1]: Entering directory `/u/samar/Documents/git/learning/qmcode/cpp/build/CMakeFiles/CMakeTmp'
Building C object CMakeFiles/cmTC_f9c66.dir/feature_tests.c.o
/v/apps/gcc/6.3.0-centos7/bin/gcc    -std=c90 -o CMakeFiles/cmTC_f9c66.dir/feature_tests.c.o   -c /u/samar/Documents/git/learning/qmcode/cpp/build/CMakeFiles/feature_tests.c
Linking C executable cmTC_f9c66
/v/apps/cmake/3.7.1-centos7/bin/cmake -E cmake_link_script CMakeFiles/cmTC_f9c66.dir/link.txt --verbose=1
/v/apps/gcc/6.3.0-centos7/bin/gcc       CMakeFiles/cmTC_f9c66.dir/feature_tests.c.o  -o cmTC_f9c66 -rdynamic 
gmake[1]: Leaving directory `/u/samar/Documents/git/learning/qmcode/cpp/build/CMakeFiles/CMakeTmp'


    Feature record: C_FEATURE:1c_function_prototypes
    Feature record: C_FEATURE:0c_restrict
    Feature record: C_FEATURE:0c_static_assert
    Feature record: C_FEATURE:0c_variadic_macros
Determining if the CXX compiler works passed with the following output:
Change Dir: /u/samar/Documents/git/learning/qmcode/cpp/build/CMakeFiles/CMakeTmp

Run Build Command:"/usr/bin/gmake" "cmTC_0240d/fast"
/usr/bin/gmake -f CMakeFiles/cmTC_0240d.dir/build.make CMakeFiles/cmTC_0240d.dir/build
gmake[1]: Entering directory `/u/samar/Documents/git/learning/qmcode/cpp/build/CMakeFiles/CMakeTmp'
Building CXX object CMakeFiles/cmTC_0240d.dir/testCXXCompiler.cxx.o
/v/apps/gcc/6.3.0-centos7/bin/g++      -o CMakeFiles/cmTC_0240d.dir/testCXXCompiler.cxx.o -c /u/samar/Documents/git/learning/qmcode/cpp/build/CMakeFiles/CMakeTmp/testCXXCompiler.cxx
Linking CXX executable cmTC_0240d
/v/apps/cmake/3.7.1-centos7/bin/cmake -E cmake_link_script CMakeFiles/cmTC_0240d.dir/link.txt --verbose=1
/v/apps/gcc/6.3.0-centos7/bin/g++        CMakeFiles/cmTC_0240d.dir/testCXXCompiler.cxx.o  -o cmTC_0240d -rdynamic 
gmake[1]: Leaving directory `/u/samar/Documents/git/learning/qmcode/cpp/build/CMakeFiles/CMakeTmp'


Detecting CXX compiler ABI info compiled with the following output:
Change Dir: /u/samar/Documents/git/learning/qmcode/cpp/build/CMakeFiles/CMakeTmp

Run Build Command:"/usr/bin/gmake" "cmTC_88481/fast"
/usr/bin/gmake -f CMakeFiles/cmTC_88481.dir/build.make CMakeFiles/cmTC_88481.dir/build
gmake[1]: Entering directory `/u/samar/Documents/git/learning/qmcode/cpp/build/CMakeFiles/CMakeTmp'
Building CXX object CMakeFiles/cmTC_88481.dir/CMakeCXXCompilerABI.cpp.o
/v/apps/gcc/6.3.0-centos7/bin/g++      -o CMakeFiles/cmTC_88481.dir/CMakeCXXCompilerABI.cpp.o -c /v/apps/cmake/3.7.1-centos7/share/cmake-3.7/Modules/CMakeCXXCompilerABI.cpp
Linking CXX executable cmTC_88481
/v/apps/cmake/3.7.1-centos7/bin/cmake -E cmake_link_script CMakeFiles/cmTC_88481.dir/link.txt --verbose=1
/v/apps/gcc/6.3.0-centos7/bin/g++       -v CMakeFiles/cmTC_88481.dir/CMakeCXXCompilerABI.cpp.o  -o cmTC_88481 -rdynamic  
Using built-in specs.
COLLECT_GCC=/v/apps/gcc/6.3.0-centos7/bin/g++
COLLECT_LTO_WRAPPER=/v/apps/gcc/6.3.0-centos7/libexec/gcc/x86_64-pc-linux-gnu/6.3.0/lto-wrapper
Target: x86_64-pc-linux-gnu
Configured with: ../configure --prefix=/v/apps/gcc/6.3.0-centos7 --disable-multilib --with-system-zlib --enable-languages=c,c++,fortran,go,objc,obj-c++
Thread model: posix
gcc version 6.3.0 (GCC) 
COMPILER_PATH=/v/apps/gcc/6.3.0-centos7/libexec/gcc/x86_64-pc-linux-gnu/6.3.0/:/v/apps/gcc/6.3.0-centos7/libexec/gcc/x86_64-pc-linux-gnu/6.3.0/:/v/apps/gcc/6.3.0-centos7/libexec/gcc/x86_64-pc-linux-gnu/:/v/apps/gcc/6.3.0-centos7/lib/gcc/x86_64-pc-linux-gnu/6.3.0/:/v/apps/gcc/6.3.0-centos7/lib/gcc/x86_64-pc-linux-gnu/
LIBRARY_PATH=/v/apps/gcc/6.3.0-centos7/lib64/../lib64/:/v/apps/gcc/6.3.0-centos7/lib/gcc/x86_64-pc-linux-gnu/6.3.0/:/v/apps/gcc/6.3.0-centos7/lib/gcc/x86_64-pc-linux-gnu/6.3.0/../../../../lib64/:/lib/../lib64/:/usr/lib/../lib64/:/v/apps/gcc/6.3.0-centos7/lib64/:/u/samar/Documents/git/caffe2/install/lib/:/v/apps/gcc/6.3.0-centos7/lib/gcc/x86_64-pc-linux-gnu/6.3.0/../../../:/lib/:/usr/lib/
COLLECT_GCC_OPTIONS='-v' '-o' 'cmTC_88481' '-rdynamic' '-shared-libgcc' '-mtune=generic' '-march=x86-64'
 /v/apps/gcc/6.3.0-centos7/libexec/gcc/x86_64-pc-linux-gnu/6.3.0/collect2 -plugin /v/apps/gcc/6.3.0-centos7/libexec/gcc/x86_64-pc-linux-gnu/6.3.0/liblto_plugin.so -plugin-opt=/v/apps/gcc/6.3.0-centos7/libexec/gcc/x86_64-pc-linux-gnu/6.3.0/lto-wrapper -plugin-opt=-fresolution=/tmp/cculuaYP.res -plugin-opt=-pass-through=-lgcc_s -plugin-opt=-pass-through=-lgcc -plugin-opt=-pass-through=-lc -plugin-opt=-pass-through=-lgcc_s -plugin-opt=-pass-through=-lgcc --eh-frame-hdr -m elf_x86_64 -export-dynamic -dynamic-linker /lib64/ld-linux-x86-64.so.2 -o cmTC_88481 /lib/../lib64/crt1.o /lib/../lib64/crti.o /v/apps/gcc/6.3.0-centos7/lib/gcc/x86_64-pc-linux-gnu/6.3.0/crtbegin.o -L/v/apps/gcc/6.3.0-centos7/lib64/../lib64 -L/v/apps/gcc/6.3.0-centos7/lib/gcc/x86_64-pc-linux-gnu/6.3.0 -L/v/apps/gcc/6.3.0-centos7/lib/gcc/x86_64-pc-linux-gnu/6.3.0/../../../../lib64 -L/lib/../lib64 -L/usr/lib/../lib64 -L/v/apps/gcc/6.3.0-centos7/lib64 -L/u/samar/Documents/git/caffe2/install/lib -L/v/apps/gcc/6.3.0-centos7/lib/gcc/x86_64-pc-linux-gnu/6.3.0/../../.. CMakeFiles/cmTC_88481.dir/CMakeCXXCompilerABI.cpp.o -lstdc++ -lm -lgcc_s -lgcc -lc -lgcc_s -lgcc /v/apps/gcc/6.3.0-centos7/lib/gcc/x86_64-pc-linux-gnu/6.3.0/crtend.o /lib/../lib64/crtn.o
COLLECT_GCC_OPTIONS='-v' '-o' 'cmTC_88481' '-rdynamic' '-shared-libgcc' '-mtune=generic' '-march=x86-64'
gmake[1]: Leaving directory `/u/samar/Documents/git/learning/qmcode/cpp/build/CMakeFiles/CMakeTmp'


Parsed CXX implicit link information from above output:
  link line regex: [^( *|.*[/\])(ld|([^/\]+-)?ld|collect2)[^/\]*( |$)]
  ignore line: [Change Dir: /u/samar/Documents/git/learning/qmcode/cpp/build/CMakeFiles/CMakeTmp]
  ignore line: []
  ignore line: [Run Build Command:"/usr/bin/gmake" "cmTC_88481/fast"]
  ignore line: [/usr/bin/gmake -f CMakeFiles/cmTC_88481.dir/build.make CMakeFiles/cmTC_88481.dir/build]
  ignore line: [gmake[1]: Entering directory `/u/samar/Documents/git/learning/qmcode/cpp/build/CMakeFiles/CMakeTmp']
  ignore line: [Building CXX object CMakeFiles/cmTC_88481.dir/CMakeCXXCompilerABI.cpp.o]
  ignore line: [/v/apps/gcc/6.3.0-centos7/bin/g++      -o CMakeFiles/cmTC_88481.dir/CMakeCXXCompilerABI.cpp.o -c /v/apps/cmake/3.7.1-centos7/share/cmake-3.7/Modules/CMakeCXXCompilerABI.cpp]
  ignore line: [Linking CXX executable cmTC_88481]
  ignore line: [/v/apps/cmake/3.7.1-centos7/bin/cmake -E cmake_link_script CMakeFiles/cmTC_88481.dir/link.txt --verbose=1]
  ignore line: [/v/apps/gcc/6.3.0-centos7/bin/g++       -v CMakeFiles/cmTC_88481.dir/CMakeCXXCompilerABI.cpp.o  -o cmTC_88481 -rdynamic  ]
  ignore line: [Using built-in specs.]
  ignore line: [COLLECT_GCC=/v/apps/gcc/6.3.0-centos7/bin/g++]
  ignore line: [COLLECT_LTO_WRAPPER=/v/apps/gcc/6.3.0-centos7/libexec/gcc/x86_64-pc-linux-gnu/6.3.0/lto-wrapper]
  ignore line: [Target: x86_64-pc-linux-gnu]
  ignore line: [Configured with: ../configure --prefix=/v/apps/gcc/6.3.0-centos7 --disable-multilib --with-system-zlib --enable-languages=c,c++,fortran,go,objc,obj-c++]
  ignore line: [Thread model: posix]
  ignore line: [gcc version 6.3.0 (GCC) ]
  ignore line: [COMPILER_PATH=/v/apps/gcc/6.3.0-centos7/libexec/gcc/x86_64-pc-linux-gnu/6.3.0/:/v/apps/gcc/6.3.0-centos7/libexec/gcc/x86_64-pc-linux-gnu/6.3.0/:/v/apps/gcc/6.3.0-centos7/libexec/gcc/x86_64-pc-linux-gnu/:/v/apps/gcc/6.3.0-centos7/lib/gcc/x86_64-pc-linux-gnu/6.3.0/:/v/apps/gcc/6.3.0-centos7/lib/gcc/x86_64-pc-linux-gnu/]
  ignore line: [LIBRARY_PATH=/v/apps/gcc/6.3.0-centos7/lib64/../lib64/:/v/apps/gcc/6.3.0-centos7/lib/gcc/x86_64-pc-linux-gnu/6.3.0/:/v/apps/gcc/6.3.0-centos7/lib/gcc/x86_64-pc-linux-gnu/6.3.0/../../../../lib64/:/lib/../lib64/:/usr/lib/../lib64/:/v/apps/gcc/6.3.0-centos7/lib64/:/u/samar/Documents/git/caffe2/install/lib/:/v/apps/gcc/6.3.0-centos7/lib/gcc/x86_64-pc-linux-gnu/6.3.0/../../../:/lib/:/usr/lib/]
  ignore line: [COLLECT_GCC_OPTIONS='-v' '-o' 'cmTC_88481' '-rdynamic' '-shared-libgcc' '-mtune=generic' '-march=x86-64']
  link line: [ /v/apps/gcc/6.3.0-centos7/libexec/gcc/x86_64-pc-linux-gnu/6.3.0/collect2 -plugin /v/apps/gcc/6.3.0-centos7/libexec/gcc/x86_64-pc-linux-gnu/6.3.0/liblto_plugin.so -plugin-opt=/v/apps/gcc/6.3.0-centos7/libexec/gcc/x86_64-pc-linux-gnu/6.3.0/lto-wrapper -plugin-opt=-fresolution=/tmp/cculuaYP.res -plugin-opt=-pass-through=-lgcc_s -plugin-opt=-pass-through=-lgcc -plugin-opt=-pass-through=-lc -plugin-opt=-pass-through=-lgcc_s -plugin-opt=-pass-through=-lgcc --eh-frame-hdr -m elf_x86_64 -export-dynamic -dynamic-linker /lib64/ld-linux-x86-64.so.2 -o cmTC_88481 /lib/../lib64/crt1.o /lib/../lib64/crti.o /v/apps/gcc/6.3.0-centos7/lib/gcc/x86_64-pc-linux-gnu/6.3.0/crtbegin.o -L/v/apps/gcc/6.3.0-centos7/lib64/../lib64 -L/v/apps/gcc/6.3.0-centos7/lib/gcc/x86_64-pc-linux-gnu/6.3.0 -L/v/apps/gcc/6.3.0-centos7/lib/gcc/x86_64-pc-linux-gnu/6.3.0/../../../../lib64 -L/lib/../lib64 -L/usr/lib/../lib64 -L/v/apps/gcc/6.3.0-centos7/lib64 -L/u/samar/Documents/git/caffe2/install/lib -L/v/apps/gcc/6.3.0-centos7/lib/gcc/x86_64-pc-linux-gnu/6.3.0/../../.. CMakeFiles/cmTC_88481.dir/CMakeCXXCompilerABI.cpp.o -lstdc++ -lm -lgcc_s -lgcc -lc -lgcc_s -lgcc /v/apps/gcc/6.3.0-centos7/lib/gcc/x86_64-pc-linux-gnu/6.3.0/crtend.o /lib/../lib64/crtn.o]
    arg [/v/apps/gcc/6.3.0-centos7/libexec/gcc/x86_64-pc-linux-gnu/6.3.0/collect2] ==> ignore
    arg [-plugin] ==> ignore
    arg [/v/apps/gcc/6.3.0-centos7/libexec/gcc/x86_64-pc-linux-gnu/6.3.0/liblto_plugin.so] ==> ignore
    arg [-plugin-opt=/v/apps/gcc/6.3.0-centos7/libexec/gcc/x86_64-pc-linux-gnu/6.3.0/lto-wrapper] ==> ignore
    arg [-plugin-opt=-fresolution=/tmp/cculuaYP.res] ==> ignore
    arg [-plugin-opt=-pass-through=-lgcc_s] ==> ignore
    arg [-plugin-opt=-pass-through=-lgcc] ==> ignore
    arg [-plugin-opt=-pass-through=-lc] ==> ignore
    arg [-plugin-opt=-pass-through=-lgcc_s] ==> ignore
    arg [-plugin-opt=-pass-through=-lgcc] ==> ignore
    arg [--eh-frame-hdr] ==> ignore
    arg [-m] ==> ignore
    arg [elf_x86_64] ==> ignore
    arg [-export-dynamic] ==> ignore
    arg [-dynamic-linker] ==> ignore
    arg [/lib64/ld-linux-x86-64.so.2] ==> ignore
    arg [-o] ==> ignore
    arg [cmTC_88481] ==> ignore
    arg [/lib/../lib64/crt1.o] ==> ignore
    arg [/lib/../lib64/crti.o] ==> ignore
    arg [/v/apps/gcc/6.3.0-centos7/lib/gcc/x86_64-pc-linux-gnu/6.3.0/crtbegin.o] ==> ignore
    arg [-L/v/apps/gcc/6.3.0-centos7/lib64/../lib64] ==> dir [/v/apps/gcc/6.3.0-centos7/lib64/../lib64]
    arg [-L/v/apps/gcc/6.3.0-centos7/lib/gcc/x86_64-pc-linux-gnu/6.3.0] ==> dir [/v/apps/gcc/6.3.0-centos7/lib/gcc/x86_64-pc-linux-gnu/6.3.0]
    arg [-L/v/apps/gcc/6.3.0-centos7/lib/gcc/x86_64-pc-linux-gnu/6.3.0/../../../../lib64] ==> dir [/v/apps/gcc/6.3.0-centos7/lib/gcc/x86_64-pc-linux-gnu/6.3.0/../../../../lib64]
    arg [-L/lib/../lib64] ==> dir [/lib/../lib64]
    arg [-L/usr/lib/../lib64] ==> dir [/usr/lib/../lib64]
    arg [-L/v/apps/gcc/6.3.0-centos7/lib64] ==> dir [/v/apps/gcc/6.3.0-centos7/lib64]
    arg [-L/u/samar/Documents/git/caffe2/install/lib] ==> dir [/u/samar/Documents/git/caffe2/install/lib]
    arg [-L/v/apps/gcc/6.3.0-centos7/lib/gcc/x86_64-pc-linux-gnu/6.3.0/../../..] ==> dir [/v/apps/gcc/6.3.0-centos7/lib/gcc/x86_64-pc-linux-gnu/6.3.0/../../..]
    arg [CMakeFiles/cmTC_88481.dir/CMakeCXXCompilerABI.cpp.o] ==> ignore
    arg [-lstdc++] ==> lib [stdc++]
    arg [-lm] ==> lib [m]
    arg [-lgcc_s] ==> lib [gcc_s]
    arg [-lgcc] ==> lib [gcc]
    arg [-lc] ==> lib [c]
    arg [-lgcc_s] ==> lib [gcc_s]
    arg [-lgcc] ==> lib [gcc]
    arg [/v/apps/gcc/6.3.0-centos7/lib/gcc/x86_64-pc-linux-gnu/6.3.0/crtend.o] ==> ignore
    arg [/lib/../lib64/crtn.o] ==> ignore
  remove lib [gcc_s]
  remove lib [gcc]
  remove lib [gcc_s]
  remove lib [gcc]
  collapse library dir [/v/apps/gcc/6.3.0-centos7/lib64/../lib64] ==> [/v/apps/gcc/6.3.0-centos7/lib64]
  collapse library dir [/v/apps/gcc/6.3.0-centos7/lib/gcc/x86_64-pc-linux-gnu/6.3.0] ==> [/v/apps/gcc/6.3.0-centos7/lib/gcc/x86_64-pc-linux-gnu/6.3.0]
  collapse library dir [/v/apps/gcc/6.3.0-centos7/lib/gcc/x86_64-pc-linux-gnu/6.3.0/../../../../lib64] ==> [/v/apps/gcc/6.3.0-centos7/lib64]
  collapse library dir [/lib/../lib64] ==> [/lib64]
  collapse library dir [/usr/lib/../lib64] ==> [/usr/lib64]
  collapse library dir [/v/apps/gcc/6.3.0-centos7/lib64] ==> [/v/apps/gcc/6.3.0-centos7/lib64]
  collapse library dir [/u/samar/Documents/git/caffe2/install/lib] ==> [/u/samar/Documents/git/caffe2/install/lib]
  collapse library dir [/v/apps/gcc/6.3.0-centos7/lib/gcc/x86_64-pc-linux-gnu/6.3.0/../../..] ==> [/v/apps/gcc/6.3.0-centos7/lib]
  implicit libs: [stdc++;m;c]
  implicit dirs: [/v/apps/gcc/6.3.0-centos7/lib64;/v/apps/gcc/6.3.0-centos7/lib/gcc/x86_64-pc-linux-gnu/6.3.0;/lib64;/usr/lib64;/u/samar/Documents/git/caffe2/install/lib;/v/apps/gcc/6.3.0-centos7/lib]
  implicit fwks: []




Detecting CXX [-std=c++14] compiler features compiled with the following output:
Change Dir: /u/samar/Documents/git/learning/qmcode/cpp/build/CMakeFiles/CMakeTmp

Run Build Command:"/usr/bin/gmake" "cmTC_a28c6/fast"
/usr/bin/gmake -f CMakeFiles/cmTC_a28c6.dir/build.make CMakeFiles/cmTC_a28c6.dir/build
gmake[1]: Entering directory `/u/samar/Documents/git/learning/qmcode/cpp/build/CMakeFiles/CMakeTmp'
Building CXX object CMakeFiles/cmTC_a28c6.dir/feature_tests.cxx.o
/v/apps/gcc/6.3.0-centos7/bin/g++     -std=c++14 -o CMakeFiles/cmTC_a28c6.dir/feature_tests.cxx.o -c /u/samar/Documents/git/learning/qmcode/cpp/build/CMakeFiles/feature_tests.cxx
Linking CXX executable cmTC_a28c6
/v/apps/cmake/3.7.1-centos7/bin/cmake -E cmake_link_script CMakeFiles/cmTC_a28c6.dir/link.txt --verbose=1
/v/apps/gcc/6.3.0-centos7/bin/g++        CMakeFiles/cmTC_a28c6.dir/feature_tests.cxx.o  -o cmTC_a28c6 -rdynamic 
gmake[1]: Leaving directory `/u/samar/Documents/git/learning/qmcode/cpp/build/CMakeFiles/CMakeTmp'


    Feature record: CXX_FEATURE:1cxx_aggregate_default_initializers
    Feature record: CXX_FEATURE:1cxx_alias_templates
    Feature record: CXX_FEATURE:1cxx_alignas
    Feature record: CXX_FEATURE:1cxx_alignof
    Feature record: CXX_FEATURE:1cxx_attributes
    Feature record: CXX_FEATURE:1cxx_attribute_deprecated
    Feature record: CXX_FEATURE:1cxx_auto_type
    Feature record: CXX_FEATURE:1cxx_binary_literals
    Feature record: CXX_FEATURE:1cxx_constexpr
    Feature record: CXX_FEATURE:1cxx_contextual_conversions
    Feature record: CXX_FEATURE:1cxx_decltype
    Feature record: CXX_FEATURE:1cxx_decltype_auto
    Feature record: CXX_FEATURE:1cxx_decltype_incomplete_return_types
    Feature record: CXX_FEATURE:1cxx_default_function_template_args
    Feature record: CXX_FEATURE:1cxx_defaulted_functions
    Feature record: CXX_FEATURE:1cxx_defaulted_move_initializers
    Feature record: CXX_FEATURE:1cxx_delegating_constructors
    Feature record: CXX_FEATURE:1cxx_deleted_functions
    Feature record: CXX_FEATURE:1cxx_digit_separators
    Feature record: CXX_FEATURE:1cxx_enum_forward_declarations
    Feature record: CXX_FEATURE:1cxx_explicit_conversions
    Feature record: CXX_FEATURE:1cxx_extended_friend_declarations
    Feature record: CXX_FEATURE:1cxx_extern_templates
    Feature record: CXX_FEATURE:1cxx_final
    Feature record: CXX_FEATURE:1cxx_func_identifier
    Feature record: CXX_FEATURE:1cxx_generalized_initializers
    Feature record: CXX_FEATURE:1cxx_generic_lambdas
    Feature record: CXX_FEATURE:1cxx_inheriting_constructors
    Feature record: CXX_FEATURE:1cxx_inline_namespaces
    Feature record: CXX_FEATURE:1cxx_lambdas
    Feature record: CXX_FEATURE:1cxx_lambda_init_captures
    Feature record: CXX_FEATURE:1cxx_local_type_template_args
    Feature record: CXX_FEATURE:1cxx_long_long_type
    Feature record: CXX_FEATURE:1cxx_noexcept
    Feature record: CXX_FEATURE:1cxx_nonstatic_member_init
    Feature record: CXX_FEATURE:1cxx_nullptr
    Feature record: CXX_FEATURE:1cxx_override
    Feature record: CXX_FEATURE:1cxx_range_for
    Feature record: CXX_FEATURE:1cxx_raw_string_literals
    Feature record: CXX_FEATURE:1cxx_reference_qualified_functions
    Feature record: CXX_FEATURE:1cxx_relaxed_constexpr
    Feature record: CXX_FEATURE:1cxx_return_type_deduction
    Feature record: CXX_FEATURE:1cxx_right_angle_brackets
    Feature record: CXX_FEATURE:1cxx_rvalue_references
    Feature record: CXX_FEATURE:1cxx_sizeof_member
    Feature record: CXX_FEATURE:1cxx_static_assert
    Feature record: CXX_FEATURE:1cxx_strong_enums
    Feature record: CXX_FEATURE:1cxx_template_template_parameters
    Feature record: CXX_FEATURE:1cxx_thread_local
    Feature record: CXX_FEATURE:1cxx_trailing_return_types
    Feature record: CXX_FEATURE:1cxx_unicode_literals
    Feature record: CXX_FEATURE:1cxx_uniform_initialization
    Feature record: CXX_FEATURE:1cxx_unrestricted_unions
    Feature record: CXX_FEATURE:1cxx_user_literals
    Feature record: CXX_FEATURE:1cxx_variable_templates
    Feature record: CXX_FEATURE:1cxx_variadic_macros
    Feature record: CXX_FEATURE:1cxx_variadic_templates


Detecting CXX [-std=c++11] compiler features compiled with the following output:
Change Dir: /u/samar/Documents/git/learning/qmcode/cpp/build/CMakeFiles/CMakeTmp

Run Build Command:"/usr/bin/gmake" "cmTC_1e8d3/fast"
/usr/bin/gmake -f CMakeFiles/cmTC_1e8d3.dir/build.make CMakeFiles/cmTC_1e8d3.dir/build
gmake[1]: Entering directory `/u/samar/Documents/git/learning/qmcode/cpp/build/CMakeFiles/CMakeTmp'
Building CXX object CMakeFiles/cmTC_1e8d3.dir/feature_tests.cxx.o
/v/apps/gcc/6.3.0-centos7/bin/g++     -std=c++11 -o CMakeFiles/cmTC_1e8d3.dir/feature_tests.cxx.o -c /u/samar/Documents/git/learning/qmcode/cpp/build/CMakeFiles/feature_tests.cxx
Linking CXX executable cmTC_1e8d3
/v/apps/cmake/3.7.1-centos7/bin/cmake -E cmake_link_script CMakeFiles/cmTC_1e8d3.dir/link.txt --verbose=1
/v/apps/gcc/6.3.0-centos7/bin/g++        CMakeFiles/cmTC_1e8d3.dir/feature_tests.cxx.o  -o cmTC_1e8d3 -rdynamic 
gmake[1]: Leaving directory `/u/samar/Documents/git/learning/qmcode/cpp/build/CMakeFiles/CMakeTmp'


    Feature record: CXX_FEATURE:0cxx_aggregate_default_initializers
    Feature record: CXX_FEATURE:1cxx_alias_templates
    Feature record: CXX_FEATURE:1cxx_alignas
    Feature record: CXX_FEATURE:1cxx_alignof
    Feature record: CXX_FEATURE:1cxx_attributes
    Feature record: CXX_FEATURE:0cxx_attribute_deprecated
    Feature record: CXX_FEATURE:1cxx_auto_type
    Feature record: CXX_FEATURE:0cxx_binary_literals
    Feature record: CXX_FEATURE:1cxx_constexpr
    Feature record: CXX_FEATURE:0cxx_contextual_conversions
    Feature record: CXX_FEATURE:1cxx_decltype
    Feature record: CXX_FEATURE:0cxx_decltype_auto
    Feature record: CXX_FEATURE:1cxx_decltype_incomplete_return_types
    Feature record: CXX_FEATURE:1cxx_default_function_template_args
    Feature record: CXX_FEATURE:1cxx_defaulted_functions
    Feature record: CXX_FEATURE:1cxx_defaulted_move_initializers
    Feature record: CXX_FEATURE:1cxx_delegating_constructors
    Feature record: CXX_FEATURE:1cxx_deleted_functions
    Feature record: CXX_FEATURE:0cxx_digit_separators
    Feature record: CXX_FEATURE:1cxx_enum_forward_declarations
    Feature record: CXX_FEATURE:1cxx_explicit_conversions
    Feature record: CXX_FEATURE:1cxx_extended_friend_declarations
    Feature record: CXX_FEATURE:1cxx_extern_templates
    Feature record: CXX_FEATURE:1cxx_final
    Feature record: CXX_FEATURE:1cxx_func_identifier
    Feature record: CXX_FEATURE:1cxx_generalized_initializers
    Feature record: CXX_FEATURE:0cxx_generic_lambdas
    Feature record: CXX_FEATURE:1cxx_inheriting_constructors
    Feature record: CXX_FEATURE:1cxx_inline_namespaces
    Feature record: CXX_FEATURE:1cxx_lambdas
    Feature record: CXX_FEATURE:0cxx_lambda_init_captures
    Feature record: CXX_FEATURE:1cxx_local_type_template_args
    Feature record: CXX_FEATURE:1cxx_long_long_type
    Feature record: CXX_FEATURE:1cxx_noexcept
    Feature record: CXX_FEATURE:1cxx_nonstatic_member_init
    Feature record: CXX_FEATURE:1cxx_nullptr
    Feature record: CXX_FEATURE:1cxx_override
    Feature record: CXX_FEATURE:1cxx_range_for
    Feature record: CXX_FEATURE:1cxx_raw_string_literals
    Feature record: CXX_FEATURE:1cxx_reference_qualified_functions
    Feature record: CXX_FEATURE:0cxx_relaxed_constexpr
    Feature record: CXX_FEATURE:0cxx_return_type_deduction
    Feature record: CXX_FEATURE:1cxx_right_angle_brackets
    Feature record: CXX_FEATURE:1cxx_rvalue_references
    Feature record: CXX_FEATURE:1cxx_sizeof_member
    Feature record: CXX_FEATURE:1cxx_static_assert
    Feature record: CXX_FEATURE:1cxx_strong_enums
    Feature record: CXX_FEATURE:1cxx_template_template_parameters
    Feature record: CXX_FEATURE:1cxx_thread_local
    Feature record: CXX_FEATURE:1cxx_trailing_return_types
    Feature record: CXX_FEATURE:1cxx_unicode_literals
    Feature record: CXX_FEATURE:1cxx_uniform_initialization
    Feature record: CXX_FEATURE:1cxx_unrestricted_unions
    Feature record: CXX_FEATURE:1cxx_user_literals
    Feature record: CXX_FEATURE:0cxx_variable_templates
    Feature record: CXX_FEATURE:1cxx_variadic_macros
    Feature record: CXX_FEATURE:1cxx_variadic_templates


Detecting CXX [-std=c++98] compiler features compiled with the following output:
Change Dir: /u/samar/Documents/git/learning/qmcode/cpp/build/CMakeFiles/CMakeTmp

Run Build Command:"/usr/bin/gmake" "cmTC_076fb/fast"
/usr/bin/gmake -f CMakeFiles/cmTC_076fb.dir/build.make CMakeFiles/cmTC_076fb.dir/build
gmake[1]: Entering directory `/u/samar/Documents/git/learning/qmcode/cpp/build/CMakeFiles/CMakeTmp'
Building CXX object CMakeFiles/cmTC_076fb.dir/feature_tests.cxx.o
/v/apps/gcc/6.3.0-centos7/bin/g++     -std=c++98 -o CMakeFiles/cmTC_076fb.dir/feature_tests.cxx.o -c /u/samar/Documents/git/learning/qmcode/cpp/build/CMakeFiles/feature_tests.cxx
Linking CXX executable cmTC_076fb
/v/apps/cmake/3.7.1-centos7/bin/cmake -E cmake_link_script CMakeFiles/cmTC_076fb.dir/link.txt --verbose=1
/v/apps/gcc/6.3.0-centos7/bin/g++        CMakeFiles/cmTC_076fb.dir/feature_tests.cxx.o  -o cmTC_076fb -rdynamic 
gmake[1]: Leaving directory `/u/samar/Documents/git/learning/qmcode/cpp/build/CMakeFiles/CMakeTmp'


    Feature record: CXX_FEATURE:0cxx_aggregate_default_initializers
    Feature record: CXX_FEATURE:0cxx_alias_templates
    Feature record: CXX_FEATURE:0cxx_alignas
    Feature record: CXX_FEATURE:0cxx_alignof
    Feature record: CXX_FEATURE:0cxx_attributes
    Feature record: CXX_FEATURE:0cxx_attribute_deprecated
    Feature record: CXX_FEATURE:0cxx_auto_type
    Feature record: CXX_FEATURE:0cxx_binary_literals
    Feature record: CXX_FEATURE:0cxx_constexpr
    Feature record: CXX_FEATURE:0cxx_contextual_conversions
    Feature record: CXX_FEATURE:0cxx_decltype
    Feature record: CXX_FEATURE:0cxx_decltype_auto
    Feature record: CXX_FEATURE:0cxx_decltype_incomplete_return_types
    Feature record: CXX_FEATURE:0cxx_default_function_template_args
    Feature record: CXX_FEATURE:0cxx_defaulted_functions
    Feature record: CXX_FEATURE:0cxx_defaulted_move_initializers
    Feature record: CXX_FEATURE:0cxx_delegating_constructors
    Feature record: CXX_FEATURE:0cxx_deleted_functions
    Feature record: CXX_FEATURE:0cxx_digit_separators
    Feature record: CXX_FEATURE:0cxx_enum_forward_declarations
    Feature record: CXX_FEATURE:0cxx_explicit_conversions
    Feature record: CXX_FEATURE:0cxx_extended_friend_declarations
    Feature record: CXX_FEATURE:0cxx_extern_templates
    Feature record: CXX_FEATURE:0cxx_final
    Feature record: CXX_FEATURE:0cxx_func_identifier
    Feature record: CXX_FEATURE:0cxx_generalized_initializers
    Feature record: CXX_FEATURE:0cxx_generic_lambdas
    Feature record: CXX_FEATURE:0cxx_inheriting_constructors
    Feature record: CXX_FEATURE:0cxx_inline_namespaces
    Feature record: CXX_FEATURE:0cxx_lambdas
    Feature record: CXX_FEATURE:0cxx_lambda_init_captures
    Feature record: CXX_FEATURE:0cxx_local_type_template_args
    Feature record: CXX_FEATURE:0cxx_long_long_type
    Feature record: CXX_FEATURE:0cxx_noexcept
    Feature record: CXX_FEATURE:0cxx_nonstatic_member_init
    Feature record: CXX_FEATURE:0cxx_nullptr
    Feature record: CXX_FEATURE:0cxx_override
    Feature record: CXX_FEATURE:0cxx_range_for
    Feature record: CXX_FEATURE:0cxx_raw_string_literals
    Feature record: CXX_FEATURE:0cxx_reference_qualified_functions
    Feature record: CXX_FEATURE:0cxx_relaxed_constexpr
    Feature record: CXX_FEATURE:0cxx_return_type_deduction
    Feature record: CXX_FEATURE:0cxx_right_angle_brackets
    Feature record: CXX_FEATURE:0cxx_rvalue_references
    Feature record: CXX_FEATURE:0cxx_sizeof_member
    Feature record: CXX_FEATURE:0cxx_static_assert
    Feature record: CXX_FEATURE:0cxx_strong_enums
    Feature record: CXX_FEATURE:1cxx_template_template_parameters
    Feature record: CXX_FEATURE:0cxx_thread_local
    Feature record: CXX_FEATURE:0cxx_trailing_return_types
    Feature record: CXX_FEATURE:0cxx_unicode_literals
    Feature record: CXX_FEATURE:0cxx_uniform_initialization
    Feature record: CXX_FEATURE:0cxx_unrestricted_unions
    Feature record: CXX_FEATURE:0cxx_user_literals
    Feature record: CXX_FEATURE:0cxx_variable_templates
    Feature record: CXX_FEATURE:0cxx_variadic_macros
    Feature record: CXX_FEATURE:0cxx_variadic_templates
